{"/home/travis/build/npmtest/node-npmtest-hawk/test.js":{"path":"/home/travis/build/npmtest/node-npmtest-hawk/test.js","s":{"1":2,"2":2,"3":2,"4":2,"5":2,"6":2,"7":2,"8":1,"9":2,"10":2,"11":1,"12":1,"13":1,"14":1,"15":2,"16":2,"17":2,"18":2,"19":1,"20":1,"21":2,"22":2,"23":2,"24":1,"25":1,"26":1,"27":1,"28":1,"29":1,"30":1,"31":1,"32":1,"33":1,"34":1,"35":1,"36":1,"37":1,"38":1,"39":2,"40":2,"41":1,"42":2,"43":2,"44":1,"45":2,"46":2,"47":1,"48":2,"49":2,"50":1,"51":1,"52":1,"53":1,"54":1},"b":{"1":[2,1,1,1],"2":[1,1,1,1],"3":[1,1],"4":[1,1],"5":[1,1],"6":[1,1],"7":[1,1],"8":[1,1],"9":[1,1],"10":[1,1,1],"11":[1,1],"12":[1,1],"13":[1,1],"14":[1,1],"15":[1,1],"16":[1,1],"17":[1,1]},"f":{"1":2,"2":2,"3":2,"4":2,"5":2,"6":1,"7":1,"8":1,"9":2,"10":2,"11":2,"12":2,"13":1},"fnMap":{"1":{"name":"(anonymous_1)","line":12,"loc":{"start":{"line":12,"column":1},"end":{"line":12,"column":13}}},"2":{"name":"(anonymous_2)","line":19,"loc":{"start":{"line":19,"column":5},"end":{"line":19,"column":17}}},"3":{"name":"(anonymous_3)","line":23,"loc":{"start":{"line":23,"column":24},"end":{"line":23,"column":36}}},"4":{"name":"(anonymous_4)","line":61,"loc":{"start":{"line":61,"column":5},"end":{"line":61,"column":17}}},"5":{"name":"(anonymous_5)","line":82,"loc":{"start":{"line":82,"column":5},"end":{"line":82,"column":17}}},"6":{"name":"(anonymous_6)","line":91,"loc":{"start":{"line":91,"column":77},"end":{"line":94,"column":10}}},"7":{"name":"(anonymous_7)","line":112,"loc":{"start":{"line":112,"column":83},"end":{"line":115,"column":10}},"skip":true},"8":{"name":"(anonymous_8)","line":123,"loc":{"start":{"line":123,"column":77},"end":{"line":126,"column":10}},"skip":true},"9":{"name":"(anonymous_9)","line":139,"loc":{"start":{"line":139,"column":12},"end":{"line":139,"column":40}},"skip":true},"10":{"name":"(anonymous_10)","line":147,"loc":{"start":{"line":147,"column":77},"end":{"line":150,"column":10}},"skip":true},"11":{"name":"(anonymous_11)","line":158,"loc":{"start":{"line":158,"column":83},"end":{"line":161,"column":10}},"skip":true},"12":{"name":"(anonymous_12)","line":169,"loc":{"start":{"line":169,"column":79},"end":{"line":172,"column":10}},"skip":true},"13":{"name":"(anonymous_13)","line":180,"loc":{"start":{"line":180,"column":75},"end":{"line":183,"column":10}},"skip":true}},"statementMap":{"1":{"start":{"line":12,"column":0},"end":{"line":195,"column":5}},"2":{"start":{"line":14,"column":4},"end":{"line":14,"column":14}},"3":{"start":{"line":19,"column":4},"end":{"line":56,"column":9}},"4":{"start":{"line":21,"column":8},"end":{"line":21,"column":19}},"5":{"start":{"line":23,"column":8},"end":{"line":35,"column":13}},"6":{"start":{"line":24,"column":12},"end":{"line":34,"column":13}},"7":{"start":{"line":25,"column":16},"end":{"line":28,"column":30}},"8":{"start":{"line":30,"column":16},"end":{"line":33,"column":27}},"9":{"start":{"line":37,"column":8},"end":{"line":39,"column":21}},"10":{"start":{"line":40,"column":8},"end":{"line":53,"column":9}},"11":{"start":{"line":43,"column":12},"end":{"line":46,"column":14}},"12":{"start":{"line":47,"column":12},"end":{"line":47,"column":18}},"13":{"start":{"line":50,"column":12},"end":{"line":51,"column":46}},"14":{"start":{"line":52,"column":12},"end":{"line":52,"column":18}},"15":{"start":{"line":55,"column":8},"end":{"line":55,"column":35}},"16":{"start":{"line":61,"column":4},"end":{"line":63,"column":9}},"17":{"start":{"line":62,"column":8},"end":{"line":62,"column":15}},"18":{"start":{"line":64,"column":4},"end":{"line":77,"column":5}},"19":{"start":{"line":70,"column":8},"end":{"line":70,"column":14}},"20":{"start":{"line":76,"column":8},"end":{"line":76,"column":14}},"21":{"start":{"line":82,"column":4},"end":{"line":84,"column":9}},"22":{"start":{"line":83,"column":8},"end":{"line":83,"column":15}},"23":{"start":{"line":85,"column":4},"end":{"line":194,"column":5}},"24":{"start":{"line":91,"column":8},"end":{"line":99,"column":10}},"25":{"start":{"line":98,"column":12},"end":{"line":98,"column":35}},"26":{"start":{"line":102,"column":8},"end":{"line":104,"column":63}},"27":{"start":{"line":105,"column":8},"end":{"line":105,"column":14}},"28":{"start":{"line":112,"column":8},"end":{"line":121,"column":10},"skip":true},"29":{"start":{"line":119,"column":12},"end":{"line":119,"column":55},"skip":true},"30":{"start":{"line":120,"column":12},"end":{"line":120,"column":48},"skip":true},"31":{"start":{"line":123,"column":8},"end":{"line":136,"column":10},"skip":true},"32":{"start":{"line":130,"column":12},"end":{"line":130,"column":76},"skip":true},"33":{"start":{"line":131,"column":12},"end":{"line":131,"column":73},"skip":true},"34":{"start":{"line":132,"column":12},"end":{"line":132,"column":74},"skip":true},"35":{"start":{"line":133,"column":12},"end":{"line":133,"column":79},"skip":true},"36":{"start":{"line":134,"column":12},"end":{"line":134,"column":25},"skip":true},"37":{"start":{"line":135,"column":12},"end":{"line":135,"column":45},"skip":true},"38":{"start":{"line":138,"column":8},"end":{"line":145,"column":14},"skip":true},"39":{"start":{"line":143,"column":16},"end":{"line":143,"column":29},"skip":true},"40":{"start":{"line":144,"column":16},"end":{"line":144,"column":55},"skip":true},"41":{"start":{"line":147,"column":8},"end":{"line":156,"column":10},"skip":true},"42":{"start":{"line":154,"column":12},"end":{"line":154,"column":25},"skip":true},"43":{"start":{"line":155,"column":12},"end":{"line":155,"column":45},"skip":true},"44":{"start":{"line":158,"column":8},"end":{"line":167,"column":10},"skip":true},"45":{"start":{"line":165,"column":12},"end":{"line":165,"column":25},"skip":true},"46":{"start":{"line":166,"column":12},"end":{"line":166,"column":48},"skip":true},"47":{"start":{"line":169,"column":8},"end":{"line":178,"column":10},"skip":true},"48":{"start":{"line":176,"column":12},"end":{"line":176,"column":25},"skip":true},"49":{"start":{"line":177,"column":12},"end":{"line":177,"column":46},"skip":true},"50":{"start":{"line":180,"column":8},"end":{"line":189,"column":10},"skip":true},"51":{"start":{"line":187,"column":12},"end":{"line":187,"column":94},"skip":true},"52":{"start":{"line":188,"column":12},"end":{"line":188,"column":48},"skip":true},"53":{"start":{"line":192,"column":8},"end":{"line":192,"column":35},"skip":true},"54":{"start":{"line":193,"column":8},"end":{"line":193,"column":14},"skip":true}},"branchMap":{"1":{"line":25,"type":"binary-expr","locations":[{"start":{"line":25,"column":23},"end":{"line":25,"column":62}},{"start":{"line":26,"column":20},"end":{"line":26,"column":70}},{"start":{"line":27,"column":20},"end":{"line":27,"column":71}},{"start":{"line":28,"column":20},"end":{"line":28,"column":29}}]},"2":{"line":30,"type":"binary-expr","locations":[{"start":{"line":30,"column":23},"end":{"line":30,"column":37}},{"start":{"line":31,"column":20},"end":{"line":31,"column":61}},{"start":{"line":32,"column":20},"end":{"line":32,"column":70}},{"start":{"line":33,"column":20},"end":{"line":33,"column":26}}]},"3":{"line":37,"type":"cond-expr","locations":[{"start":{"line":38,"column":14},"end":{"line":38,"column":20}},{"start":{"line":39,"column":14},"end":{"line":39,"column":20}}]},"4":{"line":40,"type":"switch","locations":[{"start":{"line":42,"column":8},"end":{"line":47,"column":18}},{"start":{"line":49,"column":8},"end":{"line":52,"column":18}}]},"5":{"line":44,"type":"binary-expr","locations":[{"start":{"line":44,"column":16},"end":{"line":44,"column":44}},{"start":{"line":44,"column":48},"end":{"line":44,"column":66}}]},"6":{"line":50,"type":"binary-expr","locations":[{"start":{"line":50,"column":21},"end":{"line":50,"column":49}},{"start":{"line":50,"column":53},"end":{"line":50,"column":72}}]},"7":{"line":64,"type":"switch","locations":[{"start":{"line":69,"column":4},"end":{"line":70,"column":14}},{"start":{"line":75,"column":4},"end":{"line":76,"column":14}}]},"8":{"line":85,"type":"switch","locations":[{"start":{"line":90,"column":4},"end":{"line":105,"column":14}},{"start":{"line":111,"column":4},"end":{"line":193,"column":14},"skip":true}]},"9":{"line":91,"type":"binary-expr","locations":[{"start":{"line":91,"column":42},"end":{"line":91,"column":73}},{"start":{"line":91,"column":77},"end":{"line":99,"column":9}}]},"10":{"line":102,"type":"binary-expr","locations":[{"start":{"line":102,"column":18},"end":{"line":102,"column":32}},{"start":{"line":103,"column":12},"end":{"line":103,"column":53}},{"start":{"line":104,"column":12},"end":{"line":104,"column":61}}]},"11":{"line":112,"type":"binary-expr","locations":[{"start":{"line":112,"column":45},"end":{"line":112,"column":79},"skip":true},{"start":{"line":112,"column":83},"end":{"line":121,"column":9},"skip":true}]},"12":{"line":123,"type":"binary-expr","locations":[{"start":{"line":123,"column":42},"end":{"line":123,"column":73},"skip":true},{"start":{"line":123,"column":77},"end":{"line":136,"column":9},"skip":true}]},"13":{"line":138,"type":"binary-expr","locations":[{"start":{"line":138,"column":48},"end":{"line":138,"column":85},"skip":true},{"start":{"line":139,"column":12},"end":{"line":145,"column":13},"skip":true}]},"14":{"line":147,"type":"binary-expr","locations":[{"start":{"line":147,"column":42},"end":{"line":147,"column":73},"skip":true},{"start":{"line":147,"column":77},"end":{"line":156,"column":9},"skip":true}]},"15":{"line":158,"type":"binary-expr","locations":[{"start":{"line":158,"column":45},"end":{"line":158,"column":79},"skip":true},{"start":{"line":158,"column":83},"end":{"line":167,"column":9},"skip":true}]},"16":{"line":169,"type":"binary-expr","locations":[{"start":{"line":169,"column":43},"end":{"line":169,"column":75},"skip":true},{"start":{"line":169,"column":79},"end":{"line":178,"column":9},"skip":true}]},"17":{"line":180,"type":"binary-expr","locations":[{"start":{"line":180,"column":41},"end":{"line":180,"column":71},"skip":true},{"start":{"line":180,"column":75},"end":{"line":189,"column":9},"skip":true}]}},"code":["/* istanbul instrument in package npmtest_hawk */","/*jslint","    bitwise: true,","    browser: true,","    maxerr: 8,","    maxlen: 96,","    node: true,","    nomen: true,","    regexp: true,","    stupid: true","*/","(function () {","    'use strict';","    var local;","","","","    // run shared js-env code - pre-init","    (function () {","        // init local","        local = {};","        // init modeJs","        local.modeJs = (function () {","            try {","                return typeof navigator.userAgent === 'string' &&","                    typeof document.querySelector('body') === 'object' &&","                    typeof XMLHttpRequest.prototype.open === 'function' &&","                    'browser';","            } catch (errorCaughtBrowser) {","                return module.exports &&","                    typeof process.versions.node === 'string' &&","                    typeof require('http').createServer === 'function' &&","                    'node';","            }","        }());","        // init global","        local.global = local.modeJs === 'browser'","            ? window","            : global;","        switch (local.modeJs) {","        // re-init local from window.local","        case 'browser':","            local = local.global.utility2.objectSetDefault(","                local.global.utility2_rollup || local.global.local,","                local.global.utility2","            );","            break;","        // re-init local from example.js","        case 'node':","            local = (local.global.utility2_rollup || require('utility2'))","                .requireExampleJsFromReadme();","            break;","        }","        // export local","        local.global.local = local;","    }());","","","","    // run shared js-env code - function","    (function () {","        return;","    }());","    switch (local.modeJs) {","","","","    // run browser js-env code - function","    case 'browser':","        break;","","","","    // run node js-env code - function","    case 'node':","        break;","    }","","","","    // run shared js-env code - post-init","    (function () {","        return;","    }());","    switch (local.modeJs) {","","","","    // run browser js-env code - post-init","    case 'browser':","        local.testCase_browser_nullCase = local.testCase_browser_nullCase || function (","            options,","            onError","        ) {","        /*","         * this function will test browsers's null-case handling-behavior-behavior","         */","            onError(null, options);","        };","","        // run tests","        local.nop(local.modeTest &&","            document.querySelector('#testRunButton1') &&","            document.querySelector('#testRunButton1').click());","        break;","","","","    // run node js-env code - post-init","    /* istanbul ignore next */","    case 'node':","        local.testCase_buildApidoc_default = local.testCase_buildApidoc_default || function (","            options,","            onError","        ) {","        /*","         * this function will test buildApidoc's default handling-behavior-behavior","         */","            options = { modulePathList: module.paths };","            local.buildApidoc(options, onError);","        };","","        local.testCase_buildApp_default = local.testCase_buildApp_default || function (","            options,","            onError","        ) {","        /*","         * this function will test buildApp's default handling-behavior-behavior","         */","            local.testCase_buildReadme_default(options, local.onErrorThrow);","            local.testCase_buildLib_default(options, local.onErrorThrow);","            local.testCase_buildTest_default(options, local.onErrorThrow);","            local.testCase_buildCustomOrg_default(options, local.onErrorThrow);","            options = [];","            local.buildApp(options, onError);","        };","","        local.testCase_buildCustomOrg_default = local.testCase_buildCustomOrg_default ||","            function (options, onError) {","            /*","             * this function will test buildCustomOrg's default handling-behavior","             */","                options = {};","                local.buildCustomOrg(options, onError);","            };","","        local.testCase_buildLib_default = local.testCase_buildLib_default || function (","            options,","            onError","        ) {","        /*","         * this function will test buildLib's default handling-behavior","         */","            options = {};","            local.buildLib(options, onError);","        };","","        local.testCase_buildReadme_default = local.testCase_buildReadme_default || function (","            options,","            onError","        ) {","        /*","         * this function will test buildReadme's default handling-behavior-behavior","         */","            options = {};","            local.buildReadme(options, onError);","        };","","        local.testCase_buildTest_default = local.testCase_buildTest_default || function (","            options,","            onError","        ) {","        /*","         * this function will test buildTest's default handling-behavior","         */","            options = {};","            local.buildTest(options, onError);","        };","","        local.testCase_webpage_default = local.testCase_webpage_default || function (","            options,","            onError","        ) {","        /*","         * this function will test webpage's default handling-behavior","         */","            options = { modeCoverageMerge: true, url: local.serverLocalHost + '?modeTest=1' };","            local.browserTest(options, onError);","        };","","        // run test-server","        local.testRunServer(local);","        break;","    }","}());",""],"l":{"12":2,"14":2,"19":2,"21":2,"23":2,"24":2,"25":2,"30":1,"37":2,"40":2,"43":1,"47":1,"50":1,"52":1,"55":2,"61":2,"62":2,"64":2,"70":1,"76":1,"82":2,"83":2,"85":2,"91":1,"98":1,"102":1,"105":1,"112":1,"119":1,"120":1,"123":1,"130":1,"131":1,"132":1,"133":1,"134":1,"135":1,"138":1,"143":2,"144":2,"147":1,"154":2,"155":2,"158":1,"165":2,"166":2,"169":1,"176":2,"177":2,"180":1,"187":1,"188":1,"192":1,"193":1}},"/home/travis/build/npmtest/node-npmtest-hawk/lib.npmtest_hawk.js":{"path":"/home/travis/build/npmtest/node-npmtest-hawk/lib.npmtest_hawk.js","s":{"1":2,"2":2,"3":2,"4":2,"5":2,"6":2,"7":2,"8":1,"9":2,"10":2,"11":2,"12":2,"13":1,"14":1,"15":1,"16":1},"b":{"1":[2,1,1,1],"2":[1,1,1,1],"3":[1,1],"4":[2,2],"5":[1,1]},"f":{"1":2,"2":2,"3":2},"fnMap":{"1":{"name":"(anonymous_1)","line":12,"loc":{"start":{"line":12,"column":1},"end":{"line":12,"column":13}}},"2":{"name":"(anonymous_2)","line":19,"loc":{"start":{"line":19,"column":5},"end":{"line":19,"column":17}}},"3":{"name":"(anonymous_3)","line":23,"loc":{"start":{"line":23,"column":24},"end":{"line":23,"column":36}}}},"statementMap":{"1":{"start":{"line":12,"column":0},"end":{"line":53,"column":5}},"2":{"start":{"line":14,"column":4},"end":{"line":14,"column":14}},"3":{"start":{"line":19,"column":4},"end":{"line":52,"column":9}},"4":{"start":{"line":21,"column":8},"end":{"line":21,"column":19}},"5":{"start":{"line":23,"column":8},"end":{"line":35,"column":13}},"6":{"start":{"line":24,"column":12},"end":{"line":34,"column":13}},"7":{"start":{"line":25,"column":16},"end":{"line":28,"column":30}},"8":{"start":{"line":30,"column":16},"end":{"line":33,"column":27}},"9":{"start":{"line":37,"column":8},"end":{"line":39,"column":21}},"10":{"start":{"line":41,"column":8},"end":{"line":41,"column":54}},"11":{"start":{"line":43,"column":8},"end":{"line":43,"column":49}},"12":{"start":{"line":45,"column":8},"end":{"line":51,"column":9}},"13":{"start":{"line":46,"column":12},"end":{"line":46,"column":55}},"14":{"start":{"line":48,"column":12},"end":{"line":48,"column":35}},"15":{"start":{"line":49,"column":12},"end":{"line":49,"column":49}},"16":{"start":{"line":50,"column":12},"end":{"line":50,"column":43}}},"branchMap":{"1":{"line":25,"type":"binary-expr","locations":[{"start":{"line":25,"column":23},"end":{"line":25,"column":62}},{"start":{"line":26,"column":20},"end":{"line":26,"column":70}},{"start":{"line":27,"column":20},"end":{"line":27,"column":71}},{"start":{"line":28,"column":20},"end":{"line":28,"column":29}}]},"2":{"line":30,"type":"binary-expr","locations":[{"start":{"line":30,"column":23},"end":{"line":30,"column":37}},{"start":{"line":31,"column":20},"end":{"line":31,"column":61}},{"start":{"line":32,"column":20},"end":{"line":32,"column":70}},{"start":{"line":33,"column":20},"end":{"line":33,"column":26}}]},"3":{"line":37,"type":"cond-expr","locations":[{"start":{"line":38,"column":14},"end":{"line":38,"column":20}},{"start":{"line":39,"column":14},"end":{"line":39,"column":20}}]},"4":{"line":41,"type":"binary-expr","locations":[{"start":{"line":41,"column":16},"end":{"line":41,"column":44}},{"start":{"line":41,"column":48},"end":{"line":41,"column":53}}]},"5":{"line":45,"type":"if","locations":[{"start":{"line":45,"column":8},"end":{"line":45,"column":8}},{"start":{"line":45,"column":8},"end":{"line":45,"column":8}}]}},"code":["/* istanbul instrument in package npmtest_hawk */","/*jslint","    bitwise: true,","    browser: true,","    maxerr: 8,","    maxlen: 96,","    node: true,","    nomen: true,","    regexp: true,","    stupid: true","*/","(function () {","    'use strict';","    var local;","","","","    // run shared js-env code - pre-init","    (function () {","        // init local","        local = {};","        // init modeJs","        local.modeJs = (function () {","            try {","                return typeof navigator.userAgent === 'string' &&","                    typeof document.querySelector('body') === 'object' &&","                    typeof XMLHttpRequest.prototype.open === 'function' &&","                    'browser';","            } catch (errorCaughtBrowser) {","                return module.exports &&","                    typeof process.versions.node === 'string' &&","                    typeof require('http').createServer === 'function' &&","                    'node';","            }","        }());","        // init global","        local.global = local.modeJs === 'browser'","            ? window","            : global;","        // init utility2_rollup","        local = local.global.utility2_rollup || local;","        // init lib","        local.local = local.npmtest_hawk = local;","        // init exports","        if (local.modeJs === 'browser') {","            local.global.utility2_npmtest_hawk = local;","        } else {","            module.exports = local;","            module.exports.__dirname = __dirname;","            module.exports.module = module;","        }","    }());","}());",""],"l":{"12":2,"14":2,"19":2,"21":2,"23":2,"24":2,"25":2,"30":1,"37":2,"41":2,"43":2,"45":2,"46":1,"48":1,"49":1,"50":1}},"/home/travis/build/npmtest/node-npmtest-hawk/example.js":{"path":"/home/travis/build/npmtest/node-npmtest-hawk/example.js","s":{"1":2,"2":2,"3":2,"4":2,"5":2,"6":2,"7":2,"8":1,"9":2,"10":2,"11":2,"12":2,"13":1,"14":2,"15":2,"16":2,"17":2,"18":2,"19":0,"20":2,"21":1,"22":1,"23":1,"24":1,"25":1,"26":0,"27":0,"28":1,"29":1,"30":2,"31":0,"32":0,"33":0,"34":1,"35":2,"36":2,"37":3,"38":3,"39":3,"40":3,"41":0,"42":3,"43":3,"44":3,"45":1,"46":3,"47":1,"48":1,"49":1,"50":1,"51":1,"52":1,"53":1,"54":1,"55":1,"56":1,"57":0,"58":1,"59":6,"60":6,"61":1,"62":2,"63":0,"64":2,"65":1,"66":1,"67":0,"68":0,"69":0,"70":0,"71":0,"72":0,"73":0,"74":0,"75":0,"76":0,"77":0,"78":0,"79":0,"80":0,"81":0,"82":0,"83":0},"b":{"1":[2,1,1,1],"2":[1,1,1,1],"3":[1,1],"4":[2,2],"5":[1,1],"6":[1,1],"7":[2,0],"8":[2,1,1,1,1,1],"9":[0,2,0],"10":[1,1],"11":[2,1,1],"12":[1,0],"13":[0,2],"14":[2,0,0,0,0,0,0],"15":[0,3],"16":[3,0],"17":[1,1],"18":[0,1],"19":[1,2,0,2],"20":[1,0],"21":[1,1],"22":[0,0],"23":[0,0],"24":[0,0],"25":[0,0],"26":[0,0],"27":[0,0],"28":[0,0]},"f":{"1":2,"2":2,"3":2,"4":2,"5":2,"6":2,"7":3,"8":3,"9":3,"10":1,"11":6,"12":0},"fnMap":{"1":{"name":"(anonymous_1)","line":26,"loc":{"start":{"line":26,"column":1},"end":{"line":26,"column":13}}},"2":{"name":"(anonymous_2)","line":33,"loc":{"start":{"line":33,"column":5},"end":{"line":33,"column":17}}},"3":{"name":"(anonymous_3)","line":37,"loc":{"start":{"line":37,"column":24},"end":{"line":37,"column":36}}},"4":{"name":"(anonymous_4)","line":69,"loc":{"start":{"line":69,"column":31},"end":{"line":69,"column":48}},"skip":true},"5":{"name":"(anonymous_5)","line":78,"loc":{"start":{"line":78,"column":26},"end":{"line":78,"column":45}},"skip":true},"6":{"name":"(anonymous_6)","line":123,"loc":{"start":{"line":123,"column":33},"end":{"line":123,"column":48}},"skip":true},"7":{"name":"(anonymous_7)","line":125,"loc":{"start":{"line":125,"column":27},"end":{"line":125,"column":39}},"skip":true},"8":{"name":"(anonymous_8)","line":133,"loc":{"start":{"line":133,"column":59},"end":{"line":133,"column":74}},"skip":true},"9":{"name":"(anonymous_9)","line":143,"loc":{"start":{"line":143,"column":45},"end":{"line":143,"column":62}},"skip":true},"10":{"name":"(anonymous_10)","line":144,"loc":{"start":{"line":144,"column":73},"end":{"line":144,"column":92}},"skip":true},"11":{"name":"(anonymous_11)","line":272,"loc":{"start":{"line":272,"column":51},"end":{"line":272,"column":77}},"skip":true},"12":{"name":"(anonymous_12)","line":315,"loc":{"start":{"line":315,"column":32},"end":{"line":315,"column":61}},"skip":true}},"statementMap":{"1":{"start":{"line":26,"column":0},"end":{"line":326,"column":5}},"2":{"start":{"line":28,"column":4},"end":{"line":28,"column":14}},"3":{"start":{"line":33,"column":4},"end":{"line":60,"column":9}},"4":{"start":{"line":35,"column":8},"end":{"line":35,"column":19}},"5":{"start":{"line":37,"column":8},"end":{"line":49,"column":13}},"6":{"start":{"line":38,"column":12},"end":{"line":48,"column":13}},"7":{"start":{"line":39,"column":16},"end":{"line":42,"column":30}},"8":{"start":{"line":44,"column":16},"end":{"line":47,"column":27}},"9":{"start":{"line":51,"column":8},"end":{"line":53,"column":21}},"10":{"start":{"line":55,"column":8},"end":{"line":57,"column":45}},"11":{"start":{"line":59,"column":8},"end":{"line":59,"column":35}},"12":{"start":{"line":61,"column":4},"end":{"line":325,"column":5}},"13":{"start":{"line":69,"column":8},"end":{"line":121,"column":10},"skip":true},"14":{"start":{"line":70,"column":12},"end":{"line":88,"column":13},"skip":true},"15":{"start":{"line":76,"column":16},"end":{"line":87,"column":19},"skip":true},"16":{"start":{"line":79,"column":20},"end":{"line":86,"column":21},"skip":true},"17":{"start":{"line":82,"column":24},"end":{"line":82,"column":43},"skip":true},"18":{"start":{"line":83,"column":24},"end":{"line":83,"column":30},"skip":true},"19":{"start":{"line":85,"column":24},"end":{"line":85,"column":49},"skip":true},"20":{"start":{"line":89,"column":12},"end":{"line":107,"column":13},"skip":true},"21":{"start":{"line":92,"column":16},"end":{"line":102,"column":17},"skip":true},"22":{"start":{"line":93,"column":20},"end":{"line":93,"column":86},"skip":true},"23":{"start":{"line":94,"column":20},"end":{"line":95,"column":45},"skip":true},"24":{"start":{"line":96,"column":20},"end":{"line":96,"column":42},"skip":true},"25":{"start":{"line":97,"column":20},"end":{"line":97,"column":48},"skip":true},"26":{"start":{"line":100,"column":20},"end":{"line":100,"column":85},"skip":true},"27":{"start":{"line":101,"column":20},"end":{"line":101,"column":96},"skip":true},"28":{"start":{"line":103,"column":16},"end":{"line":103,"column":22},"skip":true},"29":{"start":{"line":106,"column":16},"end":{"line":106,"column":22},"skip":true},"30":{"start":{"line":108,"column":12},"end":{"line":120,"column":13},"skip":true},"31":{"start":{"line":114,"column":16},"end":{"line":119,"column":17},"skip":true},"32":{"start":{"line":116,"column":20},"end":{"line":116,"column":78},"skip":true},"33":{"start":{"line":118,"column":20},"end":{"line":118,"column":47},"skip":true},"34":{"start":{"line":123,"column":8},"end":{"line":141,"column":11},"skip":true},"35":{"start":{"line":124,"column":12},"end":{"line":124,"column":54},"skip":true},"36":{"start":{"line":125,"column":12},"end":{"line":140,"column":14},"skip":true},"37":{"start":{"line":126,"column":16},"end":{"line":126,"column":28},"skip":true},"38":{"start":{"line":127,"column":16},"end":{"line":127,"column":69},"skip":true},"39":{"start":{"line":128,"column":16},"end":{"line":128,"column":75},"skip":true},"40":{"start":{"line":129,"column":16},"end":{"line":131,"column":17},"skip":true},"41":{"start":{"line":130,"column":20},"end":{"line":130,"column":27},"skip":true},"42":{"start":{"line":133,"column":16},"end":{"line":137,"column":36},"skip":true},"43":{"start":{"line":134,"column":20},"end":{"line":136,"column":55},"skip":true},"44":{"start":{"line":139,"column":16},"end":{"line":139,"column":57},"skip":true},"45":{"start":{"line":143,"column":8},"end":{"line":147,"column":11},"skip":true},"46":{"start":{"line":144,"column":12},"end":{"line":146,"column":15},"skip":true},"47":{"start":{"line":145,"column":16},"end":{"line":145,"column":70},"skip":true},"48":{"start":{"line":149,"column":8},"end":{"line":149,"column":31},"skip":true},"49":{"start":{"line":150,"column":8},"end":{"line":150,"column":14},"skip":true},"50":{"start":{"line":158,"column":8},"end":{"line":158,"column":31},"skip":true},"51":{"start":{"line":160,"column":8},"end":{"line":160,"column":33},"skip":true},"52":{"start":{"line":161,"column":8},"end":{"line":161,"column":37},"skip":true},"53":{"start":{"line":162,"column":8},"end":{"line":162,"column":35},"skip":true},"54":{"start":{"line":164,"column":8},"end":{"line":164,"column":50},"skip":true},"55":{"start":{"line":166,"column":8},"end":{"line":256,"column":2},"skip":true},"56":{"start":{"line":258,"column":8},"end":{"line":286,"column":9},"skip":true},"57":{"start":{"line":259,"column":12},"end":{"line":269,"column":14},"skip":true},"58":{"start":{"line":271,"column":12},"end":{"line":285,"column":19},"skip":true},"59":{"start":{"line":274,"column":20},"end":{"line":274,"column":35},"skip":true},"60":{"start":{"line":275,"column":20},"end":{"line":284,"column":21},"skip":true},"61":{"start":{"line":277,"column":24},"end":{"line":277,"column":64},"skip":true},"62":{"start":{"line":279,"column":24},"end":{"line":279,"column":40},"skip":true},"63":{"start":{"line":281,"column":24},"end":{"line":281,"column":40},"skip":true},"64":{"start":{"line":283,"column":24},"end":{"line":283,"column":39},"skip":true},"65":{"start":{"line":288,"column":8},"end":{"line":290,"column":9},"skip":true},"66":{"start":{"line":289,"column":12},"end":{"line":289,"column":18},"skip":true},"67":{"start":{"line":291,"column":8},"end":{"line":293,"column":54},"skip":true},"68":{"start":{"line":296,"column":8},"end":{"line":301,"column":37},"skip":true},"69":{"start":{"line":303,"column":8},"end":{"line":303,"column":82},"skip":true},"70":{"start":{"line":306,"column":8},"end":{"line":308,"column":9},"skip":true},"71":{"start":{"line":307,"column":12},"end":{"line":307,"column":82},"skip":true},"72":{"start":{"line":310,"column":8},"end":{"line":312,"column":9},"skip":true},"73":{"start":{"line":311,"column":12},"end":{"line":311,"column":18},"skip":true},"74":{"start":{"line":313,"column":8},"end":{"line":313,"column":54},"skip":true},"75":{"start":{"line":314,"column":8},"end":{"line":314,"column":69},"skip":true},"76":{"start":{"line":315,"column":8},"end":{"line":323,"column":36},"skip":true},"77":{"start":{"line":316,"column":12},"end":{"line":316,"column":61},"skip":true},"78":{"start":{"line":317,"column":12},"end":{"line":320,"column":13},"skip":true},"79":{"start":{"line":318,"column":16},"end":{"line":318,"column":75},"skip":true},"80":{"start":{"line":319,"column":16},"end":{"line":319,"column":23},"skip":true},"81":{"start":{"line":321,"column":12},"end":{"line":321,"column":38},"skip":true},"82":{"start":{"line":322,"column":12},"end":{"line":322,"column":27},"skip":true},"83":{"start":{"line":324,"column":8},"end":{"line":324,"column":14},"skip":true}},"branchMap":{"1":{"line":39,"type":"binary-expr","locations":[{"start":{"line":39,"column":23},"end":{"line":39,"column":62}},{"start":{"line":40,"column":20},"end":{"line":40,"column":70}},{"start":{"line":41,"column":20},"end":{"line":41,"column":71}},{"start":{"line":42,"column":20},"end":{"line":42,"column":29}}]},"2":{"line":44,"type":"binary-expr","locations":[{"start":{"line":44,"column":23},"end":{"line":44,"column":37}},{"start":{"line":45,"column":20},"end":{"line":45,"column":61}},{"start":{"line":46,"column":20},"end":{"line":46,"column":70}},{"start":{"line":47,"column":20},"end":{"line":47,"column":26}}]},"3":{"line":51,"type":"cond-expr","locations":[{"start":{"line":52,"column":14},"end":{"line":52,"column":20}},{"start":{"line":53,"column":14},"end":{"line":53,"column":20}}]},"4":{"line":55,"type":"binary-expr","locations":[{"start":{"line":55,"column":16},"end":{"line":55,"column":44}},{"start":{"line":55,"column":49},"end":{"line":57,"column":43}}]},"5":{"line":55,"type":"cond-expr","locations":[{"start":{"line":56,"column":14},"end":{"line":56,"column":48}},{"start":{"line":57,"column":14},"end":{"line":57,"column":43}}]},"6":{"line":61,"type":"switch","locations":[{"start":{"line":68,"column":4},"end":{"line":150,"column":14},"skip":true},{"start":{"line":156,"column":4},"end":{"line":324,"column":14},"skip":true}]},"7":{"line":70,"type":"if","locations":[{"start":{"line":70,"column":12},"end":{"line":70,"column":12},"skip":true},{"start":{"line":70,"column":12},"end":{"line":70,"column":12},"skip":true}]},"8":{"line":70,"type":"binary-expr","locations":[{"start":{"line":70,"column":16},"end":{"line":70,"column":22},"skip":true},{"start":{"line":70,"column":27},"end":{"line":70,"column":32},"skip":true},{"start":{"line":71,"column":20},"end":{"line":71,"column":39},"skip":true},{"start":{"line":72,"column":20},"end":{"line":72,"column":49},"skip":true},{"start":{"line":73,"column":20},"end":{"line":73,"column":58},"skip":true},{"start":{"line":74,"column":20},"end":{"line":74,"column":69},"skip":true}]},"9":{"line":79,"type":"switch","locations":[{"start":{"line":80,"column":20},"end":{"line":80,"column":33},"skip":true},{"start":{"line":81,"column":20},"end":{"line":83,"column":30},"skip":true},{"start":{"line":84,"column":20},"end":{"line":85,"column":49},"skip":true}]},"10":{"line":89,"type":"switch","locations":[{"start":{"line":90,"column":12},"end":{"line":103,"column":22},"skip":true},{"start":{"line":105,"column":12},"end":{"line":106,"column":22},"skip":true}]},"11":{"line":89,"type":"binary-expr","locations":[{"start":{"line":89,"column":20},"end":{"line":89,"column":25},"skip":true},{"start":{"line":89,"column":29},"end":{"line":89,"column":48},"skip":true},{"start":{"line":89,"column":52},"end":{"line":89,"column":74},"skip":true}]},"12":{"line":92,"type":"if","locations":[{"start":{"line":92,"column":16},"end":{"line":92,"column":16},"skip":true},{"start":{"line":92,"column":16},"end":{"line":92,"column":16},"skip":true}]},"13":{"line":108,"type":"if","locations":[{"start":{"line":108,"column":12},"end":{"line":108,"column":12},"skip":true},{"start":{"line":108,"column":12},"end":{"line":108,"column":12},"skip":true}]},"14":{"line":108,"type":"binary-expr","locations":[{"start":{"line":108,"column":16},"end":{"line":108,"column":61},"skip":true},{"start":{"line":108,"column":66},"end":{"line":108,"column":72},"skip":true},{"start":{"line":108,"column":77},"end":{"line":108,"column":82},"skip":true},{"start":{"line":109,"column":20},"end":{"line":109,"column":39},"skip":true},{"start":{"line":110,"column":20},"end":{"line":110,"column":49},"skip":true},{"start":{"line":111,"column":20},"end":{"line":111,"column":58},"skip":true},{"start":{"line":112,"column":20},"end":{"line":112,"column":68},"skip":true}]},"15":{"line":129,"type":"if","locations":[{"start":{"line":129,"column":16},"end":{"line":129,"column":16},"skip":true},{"start":{"line":129,"column":16},"end":{"line":129,"column":16},"skip":true}]},"16":{"line":134,"type":"cond-expr","locations":[{"start":{"line":135,"column":26},"end":{"line":135,"column":29},"skip":true},{"start":{"line":136,"column":26},"end":{"line":136,"column":54},"skip":true}]},"17":{"line":164,"type":"binary-expr","locations":[{"start":{"line":164,"column":27},"end":{"line":164,"column":43},"skip":true},{"start":{"line":164,"column":47},"end":{"line":164,"column":49},"skip":true}]},"18":{"line":258,"type":"if","locations":[{"start":{"line":258,"column":8},"end":{"line":258,"column":8},"skip":true},{"start":{"line":258,"column":8},"end":{"line":258,"column":8},"skip":true}]},"19":{"line":275,"type":"switch","locations":[{"start":{"line":276,"column":20},"end":{"line":277,"column":64},"skip":true},{"start":{"line":278,"column":20},"end":{"line":279,"column":40},"skip":true},{"start":{"line":280,"column":20},"end":{"line":281,"column":40},"skip":true},{"start":{"line":282,"column":20},"end":{"line":283,"column":39},"skip":true}]},"20":{"line":288,"type":"if","locations":[{"start":{"line":288,"column":8},"end":{"line":288,"column":8},"skip":true},{"start":{"line":288,"column":8},"end":{"line":288,"column":8},"skip":true}]},"21":{"line":288,"type":"binary-expr","locations":[{"start":{"line":288,"column":12},"end":{"line":288,"column":40},"skip":true},{"start":{"line":288,"column":44},"end":{"line":288,"column":67},"skip":true}]},"22":{"line":292,"type":"binary-expr","locations":[{"start":{"line":292,"column":12},"end":{"line":292,"column":50},"skip":true},{"start":{"line":293,"column":12},"end":{"line":293,"column":53},"skip":true}]},"23":{"line":297,"type":"binary-expr","locations":[{"start":{"line":297,"column":12},"end":{"line":297,"column":62},"skip":true},{"start":{"line":298,"column":12},"end":{"line":301,"column":36},"skip":true}]},"24":{"line":303,"type":"binary-expr","locations":[{"start":{"line":303,"column":43},"end":{"line":303,"column":75},"skip":true},{"start":{"line":303,"column":79},"end":{"line":303,"column":81},"skip":true}]},"25":{"line":306,"type":"if","locations":[{"start":{"line":306,"column":8},"end":{"line":306,"column":8},"skip":true},{"start":{"line":306,"column":8},"end":{"line":306,"column":8},"skip":true}]},"26":{"line":310,"type":"if","locations":[{"start":{"line":310,"column":8},"end":{"line":310,"column":8},"skip":true},{"start":{"line":310,"column":8},"end":{"line":310,"column":8},"skip":true}]},"27":{"line":313,"type":"binary-expr","locations":[{"start":{"line":313,"column":27},"end":{"line":313,"column":43},"skip":true},{"start":{"line":313,"column":47},"end":{"line":313,"column":53},"skip":true}]},"28":{"line":317,"type":"if","locations":[{"start":{"line":317,"column":12},"end":{"line":317,"column":12},"skip":true},{"start":{"line":317,"column":12},"end":{"line":317,"column":12},"skip":true}]}},"code":["/*","example.js","","quickstart example","","instruction","    1. save this script as example.js","    2. run the shell command:","        $ npm install npmtest-hawk && PORT=8081 node example.js","    3. play with the browser-demo on http://127.0.0.1:8081","*/","","","","/* istanbul instrument in package npmtest_hawk */","/*jslint","    bitwise: true,","    browser: true,","    maxerr: 8,","    maxlen: 96,","    node: true,","    nomen: true,","    regexp: true,","    stupid: true","*/","(function () {","    'use strict';","    var local;","","","","    // run shared js-env code - pre-init","    (function () {","        // init local","        local = {};","        // init modeJs","        local.modeJs = (function () {","            try {","                return typeof navigator.userAgent === 'string' &&","                    typeof document.querySelector('body') === 'object' &&","                    typeof XMLHttpRequest.prototype.open === 'function' &&","                    'browser';","            } catch (errorCaughtBrowser) {","                return module.exports &&","                    typeof process.versions.node === 'string' &&","                    typeof require('http').createServer === 'function' &&","                    'node';","            }","        }());","        // init global","        local.global = local.modeJs === 'browser'","            ? window","            : global;","        // init utility2_rollup","        local = local.global.utility2_rollup || (local.modeJs === 'browser'","            ? local.global.utility2_npmtest_hawk","            : global.utility2_moduleExports);","        // export local","        local.global.local = local;","    }());","    switch (local.modeJs) {","","","","    // post-init","    // run browser js-env code - post-init","    /* istanbul ignore next */","    case 'browser':","        local.testRunBrowser = function (event) {","            if (!event || (event &&","                    event.currentTarget &&","                    event.currentTarget.className &&","                    event.currentTarget.className.includes &&","                    event.currentTarget.className.includes('onreset'))) {","                // reset output","                Array.from(","                    document.querySelectorAll('body > .resettable')","                ).forEach(function (element) {","                    switch (element.tagName) {","                    case 'INPUT':","                    case 'TEXTAREA':","                        element.value = '';","                        break;","                    default:","                        element.textContent = '';","                    }","                });","            }","            switch (event && event.currentTarget && event.currentTarget.id) {","            case 'testRunButton1':","                // show tests","                if (document.querySelector('#testReportDiv1').style.display === 'none') {","                    document.querySelector('#testReportDiv1').style.display = 'block';","                    document.querySelector('#testRunButton1').textContent =","                        'hide internal test';","                    local.modeTest = true;","                    local.testRunDefault(local);","                // hide tests","                } else {","                    document.querySelector('#testReportDiv1').style.display = 'none';","                    document.querySelector('#testRunButton1').textContent = 'run internal test';","                }","                break;","            // custom-case","            default:","                break;","            }","            if (document.querySelector('#inputTextareaEval1') && (!event || (event &&","                    event.currentTarget &&","                    event.currentTarget.className &&","                    event.currentTarget.className.includes &&","                    event.currentTarget.className.includes('oneval')))) {","                // try to eval input-code","                try {","                    /*jslint evil: true*/","                    eval(document.querySelector('#inputTextareaEval1').value);","                } catch (errorCaught) {","                    console.error(errorCaught);","                }","            }","        };","        // log stderr and stdout to #outputTextareaStdout1","        ['error', 'log'].forEach(function (key) {","            console[key + '_original'] = console[key];","            console[key] = function () {","                var element;","                console[key + '_original'].apply(console, arguments);","                element = document.querySelector('#outputTextareaStdout1');","                if (!element) {","                    return;","                }","                // append text to #outputTextareaStdout1","                element.value += Array.from(arguments).map(function (arg) {","                    return typeof arg === 'string'","                        ? arg","                        : JSON.stringify(arg, null, 4);","                }).join(' ') + '\\n';","                // scroll textarea to bottom","                element.scrollTop = element.scrollHeight;","            };","        });","        // init event-handling","        ['change', 'click', 'keyup'].forEach(function (event) {","            Array.from(document.querySelectorAll('.on' + event)).forEach(function (element) {","                element.addEventListener(event, local.testRunBrowser);","            });","        });","        // run tests","        local.testRunBrowser();","        break;","","","","    // run node js-env code - post-init","    /* istanbul ignore next */","    case 'node':","        // export local","        module.exports = local;","        // require modules","        local.fs = require('fs');","        local.http = require('http');","        local.url = require('url');","        // init assets","        local.assetsDict = local.assetsDict || {};","        /* jslint-ignore-begin */","        local.assetsDict['/assets.index.template.html'] = '\\","<!doctype html>\\n\\","<html lang=\"en\">\\n\\","<head>\\n\\","<meta charset=\"UTF-8\">\\n\\","<meta name=\"viewport\" content=\"width=device-width, initial-scale=1\">\\n\\","<title>{{env.npm_package_name}} (v{{env.npm_package_version}})</title>\\n\\","<style>\\n\\","/*csslint\\n\\","    box-sizing: false,\\n\\","    universal-selector: false\\n\\","*/\\n\\","* {\\n\\","    box-sizing: border-box;\\n\\","}\\n\\","body {\\n\\","    background: #dde;\\n\\","    font-family: Arial, Helvetica, sans-serif;\\n\\","    margin: 2rem;\\n\\","}\\n\\","body > * {\\n\\","    margin-bottom: 1rem;\\n\\","}\\n\\",".utility2FooterDiv {\\n\\","    margin-top: 20px;\\n\\","    text-align: center;\\n\\","}\\n\\","</style>\\n\\","<style>\\n\\","/*csslint\\n\\","*/\\n\\","textarea {\\n\\","    font-family: monospace;\\n\\","    height: 10rem;\\n\\","    width: 100%;\\n\\","}\\n\\","textarea[readonly] {\\n\\","    background: #ddd;\\n\\","}\\n\\","</style>\\n\\","</head>\\n\\","<body>\\n\\","<!-- utility2-comment\\n\\","<div id=\"ajaxProgressDiv1\" style=\"background: #d00; height: 2px; left: 0; margin: 0; padding: 0; position: fixed; top: 0; transition: background 0.5s, width 1.5s; width: 25%;\"></div>\\n\\","utility2-comment -->\\n\\","<h1>\\n\\","<!-- utility2-comment\\n\\","    <a\\n\\","        {{#if env.npm_package_homepage}}\\n\\","        href=\"{{env.npm_package_homepage}}\"\\n\\","        {{/if env.npm_package_homepage}}\\n\\","        target=\"_blank\"\\n\\","    >\\n\\","utility2-comment -->\\n\\","        {{env.npm_package_name}} (v{{env.npm_package_version}})\\n\\","<!-- utility2-comment\\n\\","    </a>\\n\\","utility2-comment -->\\n\\","</h1>\\n\\","<h3>{{env.npm_package_description}}</h3>\\n\\","<!-- utility2-comment\\n\\","<h4><a download href=\"assets.app.js\">download standalone app</a></h4>\\n\\","<button class=\"onclick onreset\" id=\"testRunButton1\">run internal test</button><br>\\n\\","<div id=\"testReportDiv1\" style=\"display: none;\"></div>\\n\\","utility2-comment -->\\n\\","\\n\\","\\n\\","\\n\\","<label>stderr and stdout</label>\\n\\","<textarea class=\"resettable\" id=\"outputTextareaStdout1\" readonly></textarea>\\n\\","<!-- utility2-comment\\n\\","{{#if isRollup}}\\n\\","<script src=\"assets.app.js\"></script>\\n\\","{{#unless isRollup}}\\n\\","utility2-comment -->\\n\\","<script src=\"assets.utility2.rollup.js\"></script>\\n\\","<script src=\"jsonp.utility2._stateInit?callback=window.utility2._stateInit\"></script>\\n\\","<script src=\"assets.npmtest_hawk.rollup.js\"></script>\\n\\","<script src=\"assets.example.js\"></script>\\n\\","<script src=\"assets.test.js\"></script>\\n\\","<!-- utility2-comment\\n\\","{{/if isRollup}}\\n\\","utility2-comment -->\\n\\","<div class=\"utility2FooterDiv\">\\n\\","    [ this app was created with\\n\\","    <a href=\"https://github.com/kaizhu256/node-utility2\" target=\"_blank\">utility2</a>\\n\\","    ]\\n\\","</div>\\n\\","</body>\\n\\","</html>\\n\\","';","        /* jslint-ignore-end */","        if (local.templateRender) {","            local.assetsDict['/'] = local.templateRender(","                local.assetsDict['/assets.index.template.html'],","                {","                    env: local.objectSetDefault(local.env, {","                        npm_package_description: 'the greatest app in the world!',","                        npm_package_name: 'my-app',","                        npm_package_nameAlias: 'my_app',","                        npm_package_version: '0.0.1'","                    })","                }","            );","        } else {","            local.assetsDict['/'] = local.assetsDict['/assets.index.template.html']","                .replace((/\\{\\{env\\.(\\w+?)\\}\\}/g), function (match0, match1) {","                    // jslint-hack","                    String(match0);","                    switch (match1) {","                    case 'npm_package_description':","                        return 'the greatest app in the world!';","                    case 'npm_package_name':","                        return 'my-app';","                    case 'npm_package_nameAlias':","                        return 'my_app';","                    case 'npm_package_version':","                        return '0.0.1';","                    }","                });","        }","        // run the cli","        if (local.global.utility2_rollup || module !== require.main) {","            break;","        }","        local.assetsDict['/assets.example.js'] =","            local.assetsDict['/assets.example.js'] ||","            local.fs.readFileSync(__filename, 'utf8');","        // bug-workaround - long $npm_package_buildCustomOrg","        /* jslint-ignore-begin */","        local.assetsDict['/assets.npmtest_hawk.rollup.js'] =","            local.assetsDict['/assets.npmtest_hawk.rollup.js'] ||","            local.fs.readFileSync(","                local.npmtest_hawk.__dirname + '/lib.npmtest_hawk.js',","                'utf8'","            ).replace((/^#!/), '//');","        /* jslint-ignore-end */","        local.assetsDict['/favicon.ico'] = local.assetsDict['/favicon.ico'] || '';","        // if $npm_config_timeout_exit exists,","        // then exit this process after $npm_config_timeout_exit ms","        if (Number(process.env.npm_config_timeout_exit)) {","            setTimeout(process.exit, Number(process.env.npm_config_timeout_exit));","        }","        // start server","        if (local.global.utility2_serverHttp1) {","            break;","        }","        process.env.PORT = process.env.PORT || '8081';","        console.error('server starting on port ' + process.env.PORT);","        local.http.createServer(function (request, response) {","            request.urlParsed = local.url.parse(request.url);","            if (local.assetsDict[request.urlParsed.pathname] !== undefined) {","                response.end(local.assetsDict[request.urlParsed.pathname]);","                return;","            }","            response.statusCode = 404;","            response.end();","        }).listen(process.env.PORT);","        break;","    }","}());",""],"l":{"26":2,"28":2,"33":2,"35":2,"37":2,"38":2,"39":2,"44":1,"51":2,"55":2,"59":2,"61":2,"69":1,"70":2,"76":2,"79":2,"82":2,"83":2,"85":1,"89":2,"92":1,"93":1,"94":1,"96":1,"97":1,"100":1,"101":1,"103":1,"106":1,"108":2,"114":1,"116":1,"118":1,"123":1,"124":2,"125":2,"126":3,"127":3,"128":3,"129":3,"130":1,"133":3,"134":3,"139":3,"143":1,"144":3,"145":1,"149":1,"150":1,"158":1,"160":1,"161":1,"162":1,"164":1,"166":1,"258":1,"259":1,"271":1,"274":6,"275":6,"277":1,"279":2,"281":1,"283":2,"288":1,"289":1,"291":1,"296":1,"303":1,"306":1,"307":1,"310":1,"311":1,"313":1,"314":1,"315":1,"316":1,"317":1,"318":1,"319":1,"321":1,"322":1,"324":1}},"/home/travis/build/npmtest/node-npmtest-hawk/node_modules/hawk/lib/index.js":{"path":"/home/travis/build/npmtest/node-npmtest-hawk/node_modules/hawk/lib/index.js","s":{"1":1,"2":1,"3":1,"4":1,"5":1,"6":1,"7":1},"b":{},"f":{},"fnMap":{},"statementMap":{"1":{"start":{"line":5,"column":0},"end":{"line":5,"column":48}},"2":{"start":{"line":6,"column":0},"end":{"line":6,"column":31}},"3":{"start":{"line":8,"column":0},"end":{"line":8,"column":37}},"4":{"start":{"line":9,"column":0},"end":{"line":9,"column":37}},"5":{"start":{"line":10,"column":0},"end":{"line":10,"column":37}},"6":{"start":{"line":11,"column":0},"end":{"line":11,"column":35}},"7":{"start":{"line":13,"column":0},"end":{"line":16,"column":2}}},"branchMap":{},"code":["'use strict';","","// Export sub-modules","","exports.error = exports.Error = require('boom');","exports.sntp = require('sntp');","","exports.server = require('./server');","exports.client = require('./client');","exports.crypto = require('./crypto');","exports.utils = require('./utils');","","exports.uri = {","    authenticate: exports.server.authenticateBewit,","    getBewit: exports.client.getBewit","};","",""],"l":{"5":1,"6":1,"8":1,"9":1,"10":1,"11":1,"13":1}},"/home/travis/build/npmtest/node-npmtest-hawk/node_modules/hawk/lib/server.js":{"path":"/home/travis/build/npmtest/node-npmtest-hawk/node_modules/hawk/lib/server.js","s":{"1":1,"2":1,"3":1,"4":1,"5":1,"6":1,"7":1,"8":0,"9":0,"10":0,"11":0,"12":0,"13":0,"14":0,"15":0,"16":0,"17":0,"18":0,"19":0,"20":0,"21":0,"22":0,"23":0,"24":0,"25":0,"26":0,"27":0,"28":0,"29":0,"30":0,"31":0,"32":0,"33":0,"34":0,"35":0,"36":0,"37":0,"38":0,"39":0,"40":0,"41":0,"42":0,"43":0,"44":0,"45":0,"46":1,"47":0,"48":0,"49":1,"50":0,"51":1,"52":0,"53":0,"54":0,"55":0,"56":0,"57":0,"58":0,"59":0,"60":0,"61":0,"62":0,"63":0,"64":0,"65":0,"66":0,"67":0,"68":0,"69":0,"70":1,"71":1,"72":0,"73":0,"74":0,"75":0,"76":0,"77":0,"78":0,"79":0,"80":0,"81":0,"82":0,"83":0,"84":0,"85":0,"86":0,"87":0,"88":0,"89":0,"90":0,"91":0,"92":0,"93":0,"94":0,"95":0,"96":0,"97":0,"98":0,"99":0,"100":0,"101":0,"102":0,"103":0,"104":0,"105":0,"106":0,"107":0,"108":0,"109":0,"110":0,"111":0,"112":0,"113":0,"114":0,"115":1,"116":0,"117":0,"118":0,"119":0,"120":0,"121":0,"122":0,"123":0,"124":0,"125":0,"126":0,"127":0,"128":0,"129":0,"130":0,"131":0,"132":0,"133":0,"134":0,"135":0,"136":0,"137":0,"138":0,"139":0,"140":0,"141":0,"142":0,"143":0,"144":1,"145":0},"b":{"1":[0,0],"2":[0,0],"3":[0,0],"4":[0,0],"5":[0,0],"6":[0,0,0,0],"7":[0,0],"8":[0,0],"9":[0,0],"10":[0,0],"11":[0,0],"12":[0,0],"13":[0,0],"14":[0,0],"15":[0,0],"16":[0,0],"17":[0,0],"18":[0,0],"19":[0,0],"20":[0,0],"21":[0,0],"22":[0,0,0],"23":[0,0],"24":[0,0,0],"25":[0,0],"26":[0,0],"27":[0,0,0],"28":[0,0],"29":[0,0],"30":[0,0,0],"31":[0,0],"32":[0,0],"33":[0,0],"34":[0,0],"35":[0,0],"36":[0,0],"37":[0,0],"38":[0,0],"39":[0,0],"40":[0,0],"41":[0,0],"42":[0,0,0],"43":[0,0],"44":[0,0],"45":[0,0],"46":[0,0],"47":[0,0],"48":[0,0],"49":[0,0],"50":[0,0],"51":[0,0],"52":[0,0],"53":[0,0],"54":[0,0],"55":[0,0,0,0,0],"56":[0,0],"57":[0,0],"58":[0,0],"59":[0,0],"60":[0,0],"61":[0,0],"62":[0,0],"63":[0,0],"64":[0,0],"65":[0,0]},"f":{"1":0,"2":0,"3":0,"4":0,"5":0,"6":0,"7":0},"fnMap":{"1":{"name":"(anonymous_1)","line":87,"loc":{"start":{"line":87,"column":23},"end":{"line":87,"column":74}}},"2":{"name":"(anonymous_2)","line":217,"loc":{"start":{"line":217,"column":30},"end":{"line":217,"column":86}}},"3":{"name":"(anonymous_3)","line":231,"loc":{"start":{"line":231,"column":34},"end":{"line":231,"column":71}}},"4":{"name":"(anonymous_4)","line":250,"loc":{"start":{"line":250,"column":17},"end":{"line":250,"column":60}}},"5":{"name":"(anonymous_5)","line":318,"loc":{"start":{"line":318,"column":28},"end":{"line":318,"column":79}}},"6":{"name":"(anonymous_6)","line":455,"loc":{"start":{"line":455,"column":30},"end":{"line":455,"column":112}}},"7":{"name":"(anonymous_7)","line":547,"loc":{"start":{"line":547,"column":22},"end":{"line":547,"column":63}}}},"statementMap":{"1":{"start":{"line":5,"column":0},"end":{"line":5,"column":29}},"2":{"start":{"line":6,"column":0},"end":{"line":6,"column":29}},"3":{"start":{"line":7,"column":0},"end":{"line":7,"column":39}},"4":{"start":{"line":8,"column":0},"end":{"line":8,"column":35}},"5":{"start":{"line":9,"column":0},"end":{"line":9,"column":33}},"6":{"start":{"line":14,"column":0},"end":{"line":14,"column":21}},"7":{"start":{"line":87,"column":0},"end":{"line":205,"column":2}},"8":{"start":{"line":89,"column":4},"end":{"line":89,"column":39}},"9":{"start":{"line":93,"column":4},"end":{"line":93,"column":65}},"10":{"start":{"line":94,"column":4},"end":{"line":94,"column":62}},"11":{"start":{"line":98,"column":4},"end":{"line":98,"column":55}},"12":{"start":{"line":102,"column":4},"end":{"line":102,"column":53}},"13":{"start":{"line":103,"column":4},"end":{"line":105,"column":5}},"14":{"start":{"line":104,"column":8},"end":{"line":104,"column":58}},"15":{"start":{"line":109,"column":4},"end":{"line":109,"column":77}},"16":{"start":{"line":110,"column":4},"end":{"line":112,"column":5}},"17":{"start":{"line":111,"column":8},"end":{"line":111,"column":36}},"18":{"start":{"line":116,"column":4},"end":{"line":129,"column":6}},"19":{"start":{"line":133,"column":4},"end":{"line":139,"column":5}},"20":{"start":{"line":138,"column":8},"end":{"line":138,"column":80}},"21":{"start":{"line":143,"column":4},"end":{"line":204,"column":7}},"22":{"start":{"line":145,"column":8},"end":{"line":147,"column":9}},"23":{"start":{"line":146,"column":12},"end":{"line":146,"column":65}},"24":{"start":{"line":149,"column":8},"end":{"line":151,"column":9}},"25":{"start":{"line":150,"column":12},"end":{"line":150,"column":88}},"26":{"start":{"line":153,"column":8},"end":{"line":157,"column":9}},"27":{"start":{"line":156,"column":12},"end":{"line":156,"column":90}},"28":{"start":{"line":159,"column":8},"end":{"line":161,"column":9}},"29":{"start":{"line":160,"column":12},"end":{"line":160,"column":88}},"30":{"start":{"line":165,"column":8},"end":{"line":165,"column":74}},"31":{"start":{"line":166,"column":8},"end":{"line":168,"column":9}},"32":{"start":{"line":167,"column":12},"end":{"line":167,"column":83}},"33":{"start":{"line":172,"column":8},"end":{"line":183,"column":9}},"34":{"start":{"line":175,"column":12},"end":{"line":177,"column":13}},"35":{"start":{"line":176,"column":16},"end":{"line":176,"column":109}},"36":{"start":{"line":179,"column":12},"end":{"line":179,"column":114}},"37":{"start":{"line":180,"column":12},"end":{"line":182,"column":13}},"38":{"start":{"line":181,"column":16},"end":{"line":181,"column":96}},"39":{"start":{"line":187,"column":8},"end":{"line":203,"column":11}},"40":{"start":{"line":189,"column":12},"end":{"line":191,"column":13}},"41":{"start":{"line":190,"column":16},"end":{"line":190,"column":93}},"42":{"start":{"line":195,"column":12},"end":{"line":198,"column":13}},"43":{"start":{"line":196,"column":16},"end":{"line":196,"column":94}},"44":{"start":{"line":197,"column":16},"end":{"line":197,"column":100}},"45":{"start":{"line":202,"column":12},"end":{"line":202,"column":58}},"46":{"start":{"line":217,"column":0},"end":{"line":221,"column":2}},"47":{"start":{"line":219,"column":4},"end":{"line":219,"column":100}},"48":{"start":{"line":220,"column":4},"end":{"line":220,"column":73}},"49":{"start":{"line":231,"column":0},"end":{"line":234,"column":2}},"50":{"start":{"line":233,"column":4},"end":{"line":233,"column":73}},"51":{"start":{"line":250,"column":0},"end":{"line":305,"column":2}},"52":{"start":{"line":254,"column":4},"end":{"line":254,"column":28}},"53":{"start":{"line":256,"column":4},"end":{"line":261,"column":5}},"54":{"start":{"line":260,"column":8},"end":{"line":260,"column":18}},"55":{"start":{"line":263,"column":4},"end":{"line":263,"column":38}},"56":{"start":{"line":264,"column":4},"end":{"line":264,"column":25}},"57":{"start":{"line":265,"column":4},"end":{"line":265,"column":34}},"58":{"start":{"line":266,"column":4},"end":{"line":266,"column":32}},"59":{"start":{"line":270,"column":4},"end":{"line":276,"column":5}},"60":{"start":{"line":275,"column":8},"end":{"line":275,"column":18}},"61":{"start":{"line":278,"column":4},"end":{"line":280,"column":5}},"62":{"start":{"line":279,"column":8},"end":{"line":279,"column":18}},"63":{"start":{"line":284,"column":4},"end":{"line":288,"column":5}},"64":{"start":{"line":287,"column":8},"end":{"line":287,"column":114}},"65":{"start":{"line":290,"column":4},"end":{"line":290,"column":72}},"66":{"start":{"line":294,"column":4},"end":{"line":295,"column":75}},"67":{"start":{"line":297,"column":4},"end":{"line":302,"column":5}},"68":{"start":{"line":301,"column":8},"end":{"line":301,"column":86}},"69":{"start":{"line":304,"column":4},"end":{"line":304,"column":18}},"70":{"start":{"line":315,"column":0},"end":{"line":315,"column":66}},"71":{"start":{"line":318,"column":0},"end":{"line":447,"column":2}},"72":{"start":{"line":320,"column":4},"end":{"line":320,"column":39}},"73":{"start":{"line":324,"column":4},"end":{"line":324,"column":55}},"74":{"start":{"line":328,"column":4},"end":{"line":328,"column":53}},"75":{"start":{"line":329,"column":4},"end":{"line":331,"column":5}},"76":{"start":{"line":330,"column":8},"end":{"line":330,"column":58}},"77":{"start":{"line":335,"column":4},"end":{"line":337,"column":5}},"78":{"start":{"line":336,"column":8},"end":{"line":336,"column":77}},"79":{"start":{"line":339,"column":4},"end":{"line":339,"column":61}},"80":{"start":{"line":340,"column":4},"end":{"line":342,"column":5}},"81":{"start":{"line":341,"column":8},"end":{"line":341,"column":46}},"82":{"start":{"line":346,"column":4},"end":{"line":348,"column":5}},"83":{"start":{"line":347,"column":8},"end":{"line":347,"column":59}},"84":{"start":{"line":352,"column":4},"end":{"line":356,"column":5}},"85":{"start":{"line":355,"column":8},"end":{"line":355,"column":62}},"86":{"start":{"line":360,"column":4},"end":{"line":362,"column":5}},"87":{"start":{"line":361,"column":8},"end":{"line":361,"column":69}},"88":{"start":{"line":366,"column":4},"end":{"line":366,"column":58}},"89":{"start":{"line":367,"column":4},"end":{"line":369,"column":5}},"90":{"start":{"line":368,"column":8},"end":{"line":368,"column":67}},"91":{"start":{"line":373,"column":4},"end":{"line":373,"column":47}},"92":{"start":{"line":374,"column":4},"end":{"line":376,"column":5}},"93":{"start":{"line":375,"column":8},"end":{"line":375,"column":68}},"94":{"start":{"line":378,"column":4},"end":{"line":383,"column":6}},"95":{"start":{"line":385,"column":4},"end":{"line":390,"column":5}},"96":{"start":{"line":389,"column":8},"end":{"line":389,"column":69}},"97":{"start":{"line":394,"column":4},"end":{"line":394,"column":26}},"98":{"start":{"line":395,"column":4},"end":{"line":397,"column":5}},"99":{"start":{"line":396,"column":8},"end":{"line":396,"column":46}},"100":{"start":{"line":401,"column":4},"end":{"line":403,"column":5}},"101":{"start":{"line":402,"column":8},"end":{"line":402,"column":75}},"102":{"start":{"line":407,"column":4},"end":{"line":446,"column":7}},"103":{"start":{"line":409,"column":8},"end":{"line":411,"column":9}},"104":{"start":{"line":410,"column":12},"end":{"line":410,"column":65}},"105":{"start":{"line":413,"column":8},"end":{"line":415,"column":9}},"106":{"start":{"line":414,"column":12},"end":{"line":414,"column":84}},"107":{"start":{"line":417,"column":8},"end":{"line":421,"column":9}},"108":{"start":{"line":420,"column":12},"end":{"line":420,"column":86}},"109":{"start":{"line":423,"column":8},"end":{"line":425,"column":9}},"110":{"start":{"line":424,"column":12},"end":{"line":424,"column":84}},"111":{"start":{"line":429,"column":8},"end":{"line":437,"column":11}},"112":{"start":{"line":439,"column":8},"end":{"line":441,"column":9}},"113":{"start":{"line":440,"column":12},"end":{"line":440,"column":79}},"114":{"start":{"line":445,"column":8},"end":{"line":445,"column":50}},"115":{"start":{"line":455,"column":0},"end":{"line":544,"column":2}},"116":{"start":{"line":457,"column":4},"end":{"line":457,"column":39}},"117":{"start":{"line":461,"column":4},"end":{"line":461,"column":65}},"118":{"start":{"line":462,"column":4},"end":{"line":462,"column":62}},"119":{"start":{"line":466,"column":4},"end":{"line":466,"column":55}},"120":{"start":{"line":470,"column":4},"end":{"line":477,"column":5}},"121":{"start":{"line":476,"column":8},"end":{"line":476,"column":66}},"122":{"start":{"line":481,"column":4},"end":{"line":543,"column":7}},"123":{"start":{"line":483,"column":8},"end":{"line":485,"column":9}},"124":{"start":{"line":484,"column":12},"end":{"line":484,"column":54}},"125":{"start":{"line":487,"column":8},"end":{"line":489,"column":9}},"126":{"start":{"line":488,"column":12},"end":{"line":488,"column":71}},"127":{"start":{"line":491,"column":8},"end":{"line":495,"column":9}},"128":{"start":{"line":494,"column":12},"end":{"line":494,"column":79}},"129":{"start":{"line":497,"column":8},"end":{"line":499,"column":9}},"130":{"start":{"line":498,"column":12},"end":{"line":498,"column":77}},"131":{"start":{"line":503,"column":8},"end":{"line":509,"column":10}},"132":{"start":{"line":513,"column":8},"end":{"line":513,"column":75}},"133":{"start":{"line":514,"column":8},"end":{"line":516,"column":9}},"134":{"start":{"line":515,"column":12},"end":{"line":515,"column":72}},"135":{"start":{"line":520,"column":8},"end":{"line":520,"column":81}},"136":{"start":{"line":521,"column":8},"end":{"line":523,"column":9}},"137":{"start":{"line":522,"column":12},"end":{"line":522,"column":81}},"138":{"start":{"line":527,"column":8},"end":{"line":542,"column":11}},"139":{"start":{"line":529,"column":12},"end":{"line":531,"column":13}},"140":{"start":{"line":530,"column":16},"end":{"line":530,"column":82}},"141":{"start":{"line":535,"column":12},"end":{"line":537,"column":13}},"142":{"start":{"line":536,"column":16},"end":{"line":536,"column":84}},"143":{"start":{"line":541,"column":12},"end":{"line":541,"column":47}},"144":{"start":{"line":547,"column":0},"end":{"line":550,"column":2}},"145":{"start":{"line":549,"column":4},"end":{"line":549,"column":27}}},"branchMap":{"1":{"line":93,"type":"binary-expr","locations":[{"start":{"line":93,"column":24},"end":{"line":93,"column":41}},{"start":{"line":93,"column":45},"end":{"line":93,"column":64}}]},"2":{"line":94,"type":"binary-expr","locations":[{"start":{"line":94,"column":31},"end":{"line":94,"column":55}},{"start":{"line":94,"column":59},"end":{"line":94,"column":61}}]},"3":{"line":103,"type":"if","locations":[{"start":{"line":103,"column":4},"end":{"line":103,"column":4}},{"start":{"line":103,"column":4},"end":{"line":103,"column":4}}]},"4":{"line":110,"type":"if","locations":[{"start":{"line":110,"column":4},"end":{"line":110,"column":4}},{"start":{"line":110,"column":4},"end":{"line":110,"column":4}}]},"5":{"line":133,"type":"if","locations":[{"start":{"line":133,"column":4},"end":{"line":133,"column":4}},{"start":{"line":133,"column":4},"end":{"line":133,"column":4}}]},"6":{"line":133,"type":"binary-expr","locations":[{"start":{"line":133,"column":8},"end":{"line":133,"column":22}},{"start":{"line":134,"column":8},"end":{"line":134,"column":22}},{"start":{"line":135,"column":8},"end":{"line":135,"column":25}},{"start":{"line":136,"column":8},"end":{"line":136,"column":23}}]},"7":{"line":145,"type":"if","locations":[{"start":{"line":145,"column":8},"end":{"line":145,"column":8}},{"start":{"line":145,"column":8},"end":{"line":145,"column":8}}]},"8":{"line":146,"type":"binary-expr","locations":[{"start":{"line":146,"column":33},"end":{"line":146,"column":44}},{"start":{"line":146,"column":48},"end":{"line":146,"column":52}}]},"9":{"line":149,"type":"if","locations":[{"start":{"line":149,"column":8},"end":{"line":149,"column":8}},{"start":{"line":149,"column":8},"end":{"line":149,"column":8}}]},"10":{"line":153,"type":"if","locations":[{"start":{"line":153,"column":8},"end":{"line":153,"column":8}},{"start":{"line":153,"column":8},"end":{"line":153,"column":8}}]},"11":{"line":153,"type":"binary-expr","locations":[{"start":{"line":153,"column":12},"end":{"line":153,"column":28}},{"start":{"line":154,"column":12},"end":{"line":154,"column":34}}]},"12":{"line":159,"type":"if","locations":[{"start":{"line":159,"column":8},"end":{"line":159,"column":8}},{"start":{"line":159,"column":8},"end":{"line":159,"column":8}}]},"13":{"line":166,"type":"if","locations":[{"start":{"line":166,"column":8},"end":{"line":166,"column":8}},{"start":{"line":166,"column":8},"end":{"line":166,"column":8}}]},"14":{"line":172,"type":"if","locations":[{"start":{"line":172,"column":8},"end":{"line":172,"column":8}},{"start":{"line":172,"column":8},"end":{"line":172,"column":8}}]},"15":{"line":172,"type":"binary-expr","locations":[{"start":{"line":172,"column":12},"end":{"line":172,"column":27}},{"start":{"line":173,"column":12},"end":{"line":173,"column":34}}]},"16":{"line":175,"type":"if","locations":[{"start":{"line":175,"column":12},"end":{"line":175,"column":12}},{"start":{"line":175,"column":12},"end":{"line":175,"column":12}}]},"17":{"line":180,"type":"if","locations":[{"start":{"line":180,"column":12},"end":{"line":180,"column":12}},{"start":{"line":180,"column":12},"end":{"line":180,"column":12}}]},"18":{"line":189,"type":"if","locations":[{"start":{"line":189,"column":12},"end":{"line":189,"column":12}},{"start":{"line":189,"column":12},"end":{"line":189,"column":12}}]},"19":{"line":195,"type":"if","locations":[{"start":{"line":195,"column":12},"end":{"line":195,"column":12}},{"start":{"line":195,"column":12},"end":{"line":195,"column":12}}]},"20":{"line":254,"type":"binary-expr","locations":[{"start":{"line":254,"column":14},"end":{"line":254,"column":21}},{"start":{"line":254,"column":25},"end":{"line":254,"column":27}}]},"21":{"line":256,"type":"if","locations":[{"start":{"line":256,"column":4},"end":{"line":256,"column":4}},{"start":{"line":256,"column":4},"end":{"line":256,"column":4}}]},"22":{"line":256,"type":"binary-expr","locations":[{"start":{"line":256,"column":8},"end":{"line":256,"column":18}},{"start":{"line":257,"column":8},"end":{"line":257,"column":37}},{"start":{"line":258,"column":8},"end":{"line":258,"column":35}}]},"23":{"line":270,"type":"if","locations":[{"start":{"line":270,"column":4},"end":{"line":270,"column":4}},{"start":{"line":270,"column":4},"end":{"line":270,"column":4}}]},"24":{"line":270,"type":"binary-expr","locations":[{"start":{"line":270,"column":8},"end":{"line":270,"column":20}},{"start":{"line":271,"column":8},"end":{"line":271,"column":24}},{"start":{"line":272,"column":8},"end":{"line":272,"column":30}}]},"25":{"line":278,"type":"if","locations":[{"start":{"line":278,"column":4},"end":{"line":278,"column":4}},{"start":{"line":278,"column":4},"end":{"line":278,"column":4}}]},"26":{"line":284,"type":"if","locations":[{"start":{"line":284,"column":4},"end":{"line":284,"column":4}},{"start":{"line":284,"column":4},"end":{"line":284,"column":4}}]},"27":{"line":284,"type":"binary-expr","locations":[{"start":{"line":284,"column":8},"end":{"line":284,"column":23}},{"start":{"line":285,"column":9},"end":{"line":285,"column":24}},{"start":{"line":285,"column":28},"end":{"line":285,"column":50}}]},"28":{"line":295,"type":"cond-expr","locations":[{"start":{"line":295,"column":35},"end":{"line":295,"column":68}},{"start":{"line":295,"column":71},"end":{"line":295,"column":73}}]},"29":{"line":297,"type":"if","locations":[{"start":{"line":297,"column":4},"end":{"line":297,"column":4}},{"start":{"line":297,"column":4},"end":{"line":297,"column":4}}]},"30":{"line":297,"type":"binary-expr","locations":[{"start":{"line":297,"column":8},"end":{"line":297,"column":30}},{"start":{"line":298,"column":8},"end":{"line":298,"column":35}},{"start":{"line":299,"column":8},"end":{"line":299,"column":28}}]},"31":{"line":329,"type":"if","locations":[{"start":{"line":329,"column":4},"end":{"line":329,"column":4}},{"start":{"line":329,"column":4},"end":{"line":329,"column":4}}]},"32":{"line":335,"type":"if","locations":[{"start":{"line":335,"column":4},"end":{"line":335,"column":4}},{"start":{"line":335,"column":4},"end":{"line":335,"column":4}}]},"33":{"line":340,"type":"if","locations":[{"start":{"line":340,"column":4},"end":{"line":340,"column":4}},{"start":{"line":340,"column":4},"end":{"line":340,"column":4}}]},"34":{"line":346,"type":"if","locations":[{"start":{"line":346,"column":4},"end":{"line":346,"column":4}},{"start":{"line":346,"column":4},"end":{"line":346,"column":4}}]},"35":{"line":352,"type":"if","locations":[{"start":{"line":352,"column":4},"end":{"line":352,"column":4}},{"start":{"line":352,"column":4},"end":{"line":352,"column":4}}]},"36":{"line":352,"type":"binary-expr","locations":[{"start":{"line":352,"column":8},"end":{"line":352,"column":32}},{"start":{"line":353,"column":8},"end":{"line":353,"column":33}}]},"37":{"line":360,"type":"if","locations":[{"start":{"line":360,"column":4},"end":{"line":360,"column":4}},{"start":{"line":360,"column":4},"end":{"line":360,"column":4}}]},"38":{"line":367,"type":"if","locations":[{"start":{"line":367,"column":4},"end":{"line":367,"column":4}},{"start":{"line":367,"column":4},"end":{"line":367,"column":4}}]},"39":{"line":374,"type":"if","locations":[{"start":{"line":374,"column":4},"end":{"line":374,"column":4}},{"start":{"line":374,"column":4},"end":{"line":374,"column":4}}]},"40":{"line":382,"type":"binary-expr","locations":[{"start":{"line":382,"column":13},"end":{"line":382,"column":26}},{"start":{"line":382,"column":30},"end":{"line":382,"column":32}}]},"41":{"line":385,"type":"if","locations":[{"start":{"line":385,"column":4},"end":{"line":385,"column":4}},{"start":{"line":385,"column":4},"end":{"line":385,"column":4}}]},"42":{"line":385,"type":"binary-expr","locations":[{"start":{"line":385,"column":8},"end":{"line":385,"column":17}},{"start":{"line":386,"column":8},"end":{"line":386,"column":18}},{"start":{"line":387,"column":8},"end":{"line":387,"column":18}}]},"43":{"line":395,"type":"if","locations":[{"start":{"line":395,"column":4},"end":{"line":395,"column":4}},{"start":{"line":395,"column":4},"end":{"line":395,"column":4}}]},"44":{"line":401,"type":"if","locations":[{"start":{"line":401,"column":4},"end":{"line":401,"column":4}},{"start":{"line":401,"column":4},"end":{"line":401,"column":4}}]},"45":{"line":409,"type":"if","locations":[{"start":{"line":409,"column":8},"end":{"line":409,"column":8}},{"start":{"line":409,"column":8},"end":{"line":409,"column":8}}]},"46":{"line":410,"type":"binary-expr","locations":[{"start":{"line":410,"column":33},"end":{"line":410,"column":44}},{"start":{"line":410,"column":48},"end":{"line":410,"column":52}}]},"47":{"line":413,"type":"if","locations":[{"start":{"line":413,"column":8},"end":{"line":413,"column":8}},{"start":{"line":413,"column":8},"end":{"line":413,"column":8}}]},"48":{"line":417,"type":"if","locations":[{"start":{"line":417,"column":8},"end":{"line":417,"column":8}},{"start":{"line":417,"column":8},"end":{"line":417,"column":8}}]},"49":{"line":417,"type":"binary-expr","locations":[{"start":{"line":417,"column":12},"end":{"line":417,"column":28}},{"start":{"line":418,"column":12},"end":{"line":418,"column":34}}]},"50":{"line":423,"type":"if","locations":[{"start":{"line":423,"column":8},"end":{"line":423,"column":8}},{"start":{"line":423,"column":8},"end":{"line":423,"column":8}}]},"51":{"line":439,"type":"if","locations":[{"start":{"line":439,"column":8},"end":{"line":439,"column":8}},{"start":{"line":439,"column":8},"end":{"line":439,"column":8}}]},"52":{"line":461,"type":"binary-expr","locations":[{"start":{"line":461,"column":24},"end":{"line":461,"column":41}},{"start":{"line":461,"column":45},"end":{"line":461,"column":64}}]},"53":{"line":462,"type":"binary-expr","locations":[{"start":{"line":462,"column":31},"end":{"line":462,"column":55}},{"start":{"line":462,"column":59},"end":{"line":462,"column":61}}]},"54":{"line":470,"type":"if","locations":[{"start":{"line":470,"column":4},"end":{"line":470,"column":4}},{"start":{"line":470,"column":4},"end":{"line":470,"column":4}}]},"55":{"line":470,"type":"binary-expr","locations":[{"start":{"line":470,"column":8},"end":{"line":470,"column":25}},{"start":{"line":471,"column":8},"end":{"line":471,"column":25}},{"start":{"line":472,"column":8},"end":{"line":472,"column":28}},{"start":{"line":473,"column":8},"end":{"line":473,"column":27}},{"start":{"line":474,"column":8},"end":{"line":474,"column":26}}]},"56":{"line":483,"type":"if","locations":[{"start":{"line":483,"column":8},"end":{"line":483,"column":8}},{"start":{"line":483,"column":8},"end":{"line":483,"column":8}}]},"57":{"line":484,"type":"binary-expr","locations":[{"start":{"line":484,"column":33},"end":{"line":484,"column":44}},{"start":{"line":484,"column":48},"end":{"line":484,"column":52}}]},"58":{"line":487,"type":"if","locations":[{"start":{"line":487,"column":8},"end":{"line":487,"column":8}},{"start":{"line":487,"column":8},"end":{"line":487,"column":8}}]},"59":{"line":491,"type":"if","locations":[{"start":{"line":491,"column":8},"end":{"line":491,"column":8}},{"start":{"line":491,"column":8},"end":{"line":491,"column":8}}]},"60":{"line":491,"type":"binary-expr","locations":[{"start":{"line":491,"column":12},"end":{"line":491,"column":28}},{"start":{"line":492,"column":12},"end":{"line":492,"column":34}}]},"61":{"line":497,"type":"if","locations":[{"start":{"line":497,"column":8},"end":{"line":497,"column":8}},{"start":{"line":497,"column":8},"end":{"line":497,"column":8}}]},"62":{"line":514,"type":"if","locations":[{"start":{"line":514,"column":8},"end":{"line":514,"column":8}},{"start":{"line":514,"column":8},"end":{"line":514,"column":8}}]},"63":{"line":521,"type":"if","locations":[{"start":{"line":521,"column":8},"end":{"line":521,"column":8}},{"start":{"line":521,"column":8},"end":{"line":521,"column":8}}]},"64":{"line":529,"type":"if","locations":[{"start":{"line":529,"column":12},"end":{"line":529,"column":12}},{"start":{"line":529,"column":12},"end":{"line":529,"column":12}}]},"65":{"line":535,"type":"if","locations":[{"start":{"line":535,"column":12},"end":{"line":535,"column":12}},{"start":{"line":535,"column":12},"end":{"line":535,"column":12}}]}},"code":["'use strict';","","// Load modules","","const Boom = require('boom');","const Hoek = require('hoek');","const Cryptiles = require('cryptiles');","const Crypto = require('./crypto');","const Utils = require('./utils');","","","// Declare internals","","const internals = {};","","","// Hawk authentication","","/*","   req:                 node's HTTP request object or an object as follows:","","                        const request = {","                            method: 'GET',","                            url: '/resource/4?a=1&b=2',","                            host: 'example.com',","                            port: 8080,","                            authorization: 'Hawk id=\"dh37fgj492je\", ts=\"1353832234\", nonce=\"j4h3g2\", ext=\"some-app-ext-data\", mac=\"6R4rV5iE+NPoym+WwjeHzjAGXUtLNIxmo1vpMofpLAE=\"'","                        };","","   credentialsFunc:     required function to lookup the set of Hawk credentials based on the provided credentials id.","                        The credentials include the MAC key, MAC algorithm, and other attributes (such as username)","                        needed by the application. This function is the equivalent of verifying the username and","                        password in Basic authentication.","","                        const credentialsFunc = function (id, callback) {","","                            // Lookup credentials in database","                            db.lookup(id, function (err, item) {","","                                if (err || !item) {","                                    return callback(err);","                                }","","                                const credentials = {","                                    // Required","                                    key: item.key,","                                    algorithm: item.algorithm,","                                    // Application specific","                                    user: item.user","                                };","","                                return callback(null, credentials);","                            });","                        };","","   options: {","","        hostHeaderName:        optional header field name, used to override the default 'Host' header when used","                               behind a cache of a proxy. Apache2 changes the value of the 'Host' header while preserving","                               the original (which is what the module must verify) in the 'x-forwarded-host' header field.","                               Only used when passed a node Http.ServerRequest object.","","        nonceFunc:             optional nonce validation function. The function signature is function(key, nonce, ts, callback)","                               where 'callback' must be called using the signature function(err).","","        timestampSkewSec:      optional number of seconds of permitted clock skew for incoming timestamps. Defaults to 60 seconds.","                               Provides a +/- skew which means actual allowed window is double the number of seconds.","","        localtimeOffsetMsec:   optional local clock time offset express in a number of milliseconds (positive or negative).","                               Defaults to 0.","","        payload:               optional payload for validation. The client calculates the hash value and includes it via the 'hash'","                               header attribute. The server always ensures the value provided has been included in the request","                               MAC. When this option is provided, it validates the hash value itself. Validation is done by calculating","                               a hash value over the entire payl
[...]
yloadHash(options.payload, credentials.algorithm, getHeader('content-type'));","        return (calculatedHash === attributes.hash);","    },","","    message: function (host, port, message, options) {","","        // Validate inputs","","        if (!host || typeof host !== 'string' ||","            !port || typeof port !== 'number' ||","            message === null || message === undefined || typeof message !== 'string' ||","            !options || typeof options !== 'object') {","","            return null;","        }","","        // Application time","","        const timestamp = options.timestamp || hawk.utils.nowSec(options.localtimeOffsetMsec);","","        // Validate credentials","","        const credentials = options.credentials;","        if (!credentials ||","            !credentials.id ||","            !credentials.key ||","            !credentials.algorithm) {","","            // Invalid credential object","            return null;","        }","","        if (hawk.crypto.algorithms.indexOf(credentials.algorithm) === -1) {","            return null;","        }","","        // Calculate signature","","        const artifacts = {","            ts: timestamp,","            nonce: options.nonce || hawk.utils.randomString(6),","            host,","            port,","            hash: hawk.crypto.calculatePayloadHash(message, credentials.algorithm)","        };","","        // Construct authorization","","        const result = {","            id: credentials.id,","            ts: artifacts.ts,","            nonce: artifacts.nonce,","            hash: artifacts.hash,","            mac: hawk.crypto.calculateMac('message', credentials, artifacts)","        };","","        return result;","    },","","    authenticateTimestamp: function (message, credentials, updateClock) {               // updateClock defaults to true","","        const tsm = hawk.crypto.calculateTsMac(message.ts, credentials);","        if (tsm !== message.tsm) {","            return false;","        }","","        if (updateClock !== false) {","            hawk.utils.setNtpSecOffset(message.ts - Math.floor(Date.now() / 1000));     // Keep offset at 1 second precision","        }","","        return true;","    }","};","","","hawk.crypto = {","","    headerVersion: '1',","","    algorithms: ['sha1', 'sha256'],","","    calculateMac: function (type, credentials, options) {","","        const normalized = hawk.crypto.generateNormalizedString(type, options);","","        const hmac = CryptoJS['Hmac' + credentials.algorithm.toUpperCase()](normalized, credentials.key);","        return hmac.toString(CryptoJS.enc.Base64);","    },","","    generateNormalizedString: function (type, options) {","","        let normalized = 'hawk.' + hawk.crypto.headerVersion + '.' + type + '\\n' +","                         options.ts + '\\n' +","                         options.nonce + '\\n' +","                         (options.method || '').toUpperCase() + '\\n' +","                         (options.resource || '') + '\\n' +","                         options.host.toLowerCase() + '\\n' +","                         options.port + '\\n' +","                         (options.hash || '') + '\\n';","","        if (options.ext) {","            normalized += options.ext.replace('\\\\', '\\\\\\\\').replace('\\n', '\\\\n');","        }","","        normalized += '\\n';","","        if (options.app) {","            normalized += options.app + '\\n' +","                          (options.dlg || '') + '\\n';","        }","","        return normalized;","    },","","    calculatePayloadHash: function (payload, algorithm, contentType) {","","        const hash = CryptoJS.algo[algorithm.toUpperCase()].create();","        hash.update('hawk.' + hawk.crypto.headerVersion + '.payload\\n');","        hash.update(hawk.utils.parseContentType(contentType) + '\\n');","        hash.update(payload);","        hash.update('\\n');","        return hash.finalize().toString(CryptoJS.enc.Base64);","    },","","    calculateTsMac: function (ts, credentials) {","","        const hash = CryptoJS['Hmac' + credentials.algorithm.toUpperCase()]('hawk.' + hawk.crypto.headerVersion + '.ts\\n' + ts + '\\n', credentials.key);","        return hash.toString(CryptoJS.enc.Base64);","    }","};","","","// localStorage compatible interface","","hawk.internals.LocalStorage = function () {","","    this._cache = {};","    this.length = 0;","","    this.getItem = function (key) {","","        return this._cache.hasOwnProperty(key) ? String(this._cache[key]) : null;","    };","","    this.setItem = function (key, value) {","","        this._cache[key] = String(value);","        this.length = Object.keys(this._cache).length;","    };","","    this.removeItem = function (key) {","","        delete this._cache[key];","        this.length = Object.keys(this._cache).length;","    };","","    this.clear = function () {","","        this._cache = {};","        this.length = 0;","    };","","    this.key = function (i) {","","        return Object.keys(this._cache)[i || 0];","    };","};","","","hawk.utils = {","","    storage: new hawk.internals.LocalStorage(),","","    setStorage: function (storage) {","","        const ntpOffset = hawk.utils.storage.getItem('hawk_ntp_offset');","        hawk.utils.storage = storage;","        if (ntpOffset) {","            hawk.utils.setNtpSecOffset(ntpOffset);","        }","    },","","    setNtpSecOffset: function (offset) {","","        try {","            hawk.utils.storage.setItem('hawk_ntp_offset', offset);","        }","        catch (err) {","            console.error('[hawk] could not write to storage.');","            console.error(err);","        }","    },","","    getNtpSecOffset: function () {","","        const offset = hawk.utils.storage.getItem('hawk_ntp_offset');","        if (!offset) {","            return 0;","        }","","        return parseInt(offset, 10);","    },","","    now: function (localtimeOffsetMsec) {","","        return Date.now() + (localtimeOffsetMsec || 0) + (hawk.utils.getNtpSecOffset() * 1000);","    },","","    nowSec: function (localtimeOffsetMsec) {","","        return Math.floor(hawk.utils.now(localtimeOffsetMsec) / 1000);","    },","","    escapeHeaderAttribute: function (attribute) {","","        return attribute.replace(/\\\\/g, '\\\\\\\\').replace(/\\\"/g, '\\\\\"');","    },","","    parseContentType: function (header) {","","        if (!header) {","            return '';","        }","","        return header.split(';')[0].replace(/^\\s+|\\s+$/g, '').toLowerCase();","    },","","    parseAuthorizationHeader: function (header, keys) {","","        if (!header) {","            return null;","        }","","        const headerParts = header.match(/^(\\w+)(?:\\s+(.*))?$/);       // Header: scheme[ something]","        if (!headerParts) {","            return null;","        }","","        const scheme = headerParts[1];","        if (scheme.toLowerCase() !== 'hawk') {","            return null;","        }","","        const attributesString = headerParts[2];","        if (!attributesString) {","            return null;","        }","","        const attributes = {};","        const verify = attributesString.replace(/(\\w+)=\"([^\"\\\\]*)\"\\s*(?:,\\s*|$)/g, ($0, $1, $2) => {","","            // Check valid attribute names","","            if (keys.indexOf($1) === -1) {","                return;","            }","","            // Allowed attribute value characters: !#$%&'()*+,-./:;<=>?@[]^_`{|}~ and space, a-z, A-Z, 0-9","","            if ($2.match(/^[ \\w\\!#\\$%&'\\(\\)\\*\\+,\\-\\.\\/\\:;<\\=>\\?@\\[\\]\\^`\\{\\|\\}~]+$/) === null) {","                return;","            }","","            // Check for duplicates","","            if (attributes.hasOwnProperty($1)) {","                return;","            }","","            attributes[$1] = $2;","            return '';","        });","","        if (verify !== '') {","            return null;","        }","","        return attributes;","    },","","    randomString: function (size) {","","        const randomSource = 'abcdefghijklmnopqrstuvwxyzABCDEFGHIJKLMNOPQRSTUVWXYZ0123456789';","        const len = randomSource.length;","","        const result = [];","        for (let i = 0; i < size; ++i) {","            result[i] = randomSource[Math.floor(Math.random() * len)];","        }","","        return result.join('');","    },","","    //          1                        2             3      4","    uriRegex: /^([^:]+)\\:\\/\\/(?:[^@/]*@)?([^\\/:]+)(?:\\:(\\d+))?([^#]*)(?:#.*)?$/,       // scheme://credentials@host:port/resource#fragment","    parseUri: function (input) {","","        const parts = input.match(hawk.utils.uriRegex);","        if (!parts) {","            return { host: '', port: '', resource: '' };","        }","","        const scheme = parts[1].toLowerCase();","        const uri = {","            host: parts[2],","            port: parts[3] || (scheme === 'http' ? '80' : (scheme === 'https' ? '443' : '')),","            resource: parts[4]","        };","","        return uri;","    },","","    base64urlEncode: function (value) {","","        const wordArray = CryptoJS.enc.Utf8.parse(value);","        const encoded = CryptoJS.enc.Base64.stringify(wordArray);","        return encoded.replace(/\\+/g, '-').replace(/\\//g, '_').replace(/\\=/g, '');","    }","};","","","// $lab:coverage:off$","/* eslint-disable */","","// Based on: Crypto-JS v3.1.2","// Copyright (c) 2009-2013, Jeff Mott. All rights reserved.","// http://code.google.com/p/crypto-js/","// http://code.google.com/p/crypto-js/wiki/License","","var CryptoJS = CryptoJS || function (h, r) { var k = {}, l = k.lib = {}, n = function () { }, f = l.Base = { extend: function (a) { n.prototype = this; var b = new n; a && b.mixIn(a); b.hasOwnProperty(\"init\") || (b.init = function () { b.$super.init.apply(this, arguments) }); b.init.prototype = b; b.$super = this; return b }, create: function () { var a = this.extend(); a.init.apply(a, arguments); return a }, init: function () { }, mixIn: function (a) { for (let b in a) a.hasOwnProperty(b) && (this[b] = a[b]); a.hasOwnProperty(\"toString\") && (this.toString = a.toString) }, clone: function () { return this.init.prototype.extend(this) } }, j = l.WordArray = f.extend({ init: function (a, b) { a = this.words = a || []; this.sigBytes = b != r ? b : 4 * a.length }, toString: function (a) { return (a || s).stringify(this) }, concat: function (a) { var b = this.words, d = a.words, c = this.sigBytes; a = a.sigBytes; this.clamp(); if (c % 4) for (let e = 0; e < a; e++) b[c + e >>> 2] |= (d[e >>> 2] >>> 24 - 8 * (e % 4) & 255) << 24 - 8 * ((c + e) % 4); else if (65535 < d.length) for (e = 0; e < a; e += 4) b[c + e >>> 2] = d[e >>> 2]; else b.push.apply(b, d); this.sigBytes += a; return this }, clamp: function () { var a = this.words, b = this.sigBytes; a[b >>> 2] &= 4294967295 << 32 - 8 * (b % 4); a.length = h.ceil(b / 4) }, clone: function () { var a = f.clone.call(this); a.words = this.words.slice(0); return a }, random: function (a) { for (let b = [], d = 0; d < a; d += 4) b.push(4294967296 * h.random() | 0); return new j.init(b, a) } }), m = k.enc = {}, s = m.Hex = { stringify: function (a) { var b = a.words; a = a.sigBytes; for (var d = [], c = 0; c < a; c++) { var e = b[c >>> 2] >>> 24 - 8 * (c % 4) & 255; d.push((e >>> 4).toString(16)); d.push((e & 15).toString(16)) } return d.join(\"\") }, parse: function (a) { for (var b = a.length, d = [], c = 0; c < b; c += 2) d[c >>> 3] |= parseInt(a.substr(c, 2), 16) << 24 - 4 * (c % 8); return new j.init(d, b / 2) } }, p = m.Latin1 = { stringify: function (a) { var b = a.words; a = a.sigBytes; for (var d = [], c = 0; c < a; c++) d.push(String.fromCharCode(b[c >>> 2] >>> 24 - 8 * (c % 4) & 255)); return d.join(\"\") }, parse: function (a) { for (var b = a.length, d = [], c = 0; c < b; c++) d[c >>> 2] |= (a.charCodeAt(c) & 255) << 24 - 8 * (c % 4); return new j.init(d, b) } }, t = m.Utf8 = { stringify: function (a) { try { return decodeURIComponent(escape(p.stringify(a))) } catch (b) { throw Error(\"Malformed UTF-8 data\"); } }, parse: function (a) { return p.parse(unescape(encodeURIComponent(a))) } }, q = l.BufferedBlockAlgorithm = f.extend({ reset: function () { this._data = new j.init; this._nDataBytes = 0 }, _append: function (a) { \"string\" == typeof a && (a = t.parse(a)); this._data.concat(a); this._nDataBytes += a.sigBytes }, _process: function (a) { var b = this._data, d = b.words, c = b.sigBytes, e = this.blockSize, f = c / (4 * e), f = a ? h.ceil(f) : h.max((f | 0) - this._minBufferSize, 0); a = f * e; c = h.min(4 * a, c); if (a) { for (var g = 0; g < a; g += e) this._doProcessBlock(d, g); g = d.splice(0, a); b.sigBytes -= c } return new j.init(g, c) }, clone: function () { var a = f.clone.call(this); a._data = this._data.clone(); return a }, _minBufferSize: 0 }); l.Hasher = q.extend({ cfg: f.extend(), init: function (a) { this.cfg = this.cfg.extend(a); this.reset() }, reset: function () { q.reset.call(this); this._doReset() }, update: function (a) { this._append(a); this._process(); return this }, finalize: function (a) { a && this._append(a); return this._doFinalize() }, blockSize: 16, _createHelper: function (a) { return function (b, d) { return (new a.init(d)).finalize(b) } }, _createHmacHelper: function (a) { return function (b, d) { return (new u.HMAC.init(a, d)).finalize(b) } } }); var u = k.algo = {}; return k }(Math);","(() => { var k = CryptoJS, b = k.lib, m = b.WordArray, l = b.Hasher, d = [], b = k.algo.SHA1 = l.extend({ _doReset: function () { this._hash = new m.init([1732584193, 4023233417, 2562383102, 271733878, 3285377520]) }, _doProcessBlock: function (n, p) { for (var a = this._hash.words, e = a[0], f = a[1], h = a[2], j = a[3], b = a[4], c = 0; 80 > c; c++) { if (16 > c) d[c] = n[p + c] | 0; else { var g = d[c - 3] ^ d[c - 8] ^ d[c - 14] ^ d[c - 16]; d[c] = g << 1 | g >>> 31 } g = (e << 5 | e >>> 27) + b + d[c]; g = 20 > c ? g + ((f & h | ~f & j) + 1518500249) : 40 > c ? g + ((f ^ h ^ j) + 1859775393) : 60 > c ? g + ((f & h | f & j | h & j) - 1894007588) : g + ((f ^ h ^ j) - 899497514); b = j; j = h; h = f << 30 | f >>> 2; f = e; e = g } a[0] = a[0] + e | 0; a[1] = a[1] + f | 0; a[2] = a[2] + h | 0; a[3] = a[3] + j | 0; a[4] = a[4] + b | 0 }, _doFinalize: function () { var b = this._data, d = b.words, a = 8 * this._nDataBytes, e = 8 * b.sigBytes; d[e >>> 5] |= 128 << 24 - e % 32; d[(e + 64 >>> 9 << 4) + 14] = Math.floor(a / 4294967296); d[(e + 64 >>> 9 << 4) + 15] = a; b.sigBytes = 4 * d.length; this._process(); return this._hash }, clone: function () { var b = l.clone.call(this); b._hash = this._hash.clone(); return b } }); k.SHA1 = l._createHelper(b); k.HmacSHA1 = l._createHmacHelper(b) })();","(function (k) { for (var g = CryptoJS, h = g.lib, v = h.WordArray, j = h.Hasher, h = g.algo, s = [], t = [], u = function (q) { return 4294967296 * (q - (q | 0)) | 0 }, l = 2, b = 0; 64 > b;) { var d; a: { d = l; for (var w = k.sqrt(d), r = 2; r <= w; r++) if (!(d % r)) { d = !1; break a } d = !0 } d && (8 > b && (s[b] = u(k.pow(l, 0.5))), t[b] = u(k.pow(l, 1 / 3)), b++); l++ } var n = [], h = h.SHA256 = j.extend({ _doReset: function () { this._hash = new v.init(s.slice(0)) }, _doProcessBlock: function (q, h) { for (var a = this._hash.words, c = a[0], d = a[1], b = a[2], k = a[3], f = a[4], g = a[5], j = a[6], l = a[7], e = 0; 64 > e; e++) { if (16 > e) n[e] = q[h + e] | 0; else { var m = n[e - 15], p = n[e - 2]; n[e] = ((m << 25 | m >>> 7) ^ (m << 14 | m >>> 18) ^ m >>> 3) + n[e - 7] + ((p << 15 | p >>> 17) ^ (p << 13 | p >>> 19) ^ p >>> 10) + n[e - 16] } m = l + ((f << 26 | f >>> 6) ^ (f << 21 | f >>> 11) ^ (f << 7 | f >>> 25)) + (f & g ^ ~f & j) + t[e] + n[e]; p = ((c << 30 | c >>> 2) ^ (c << 19 | c >>> 13) ^ (c << 10 | c >>> 22)) + (c & d ^ c & b ^ d & b); l = j; j = g; g = f; f = k + m | 0; k = b; b = d; d = c; c = m + p | 0 } a[0] = a[0] + c | 0; a[1] = a[1] + d | 0; a[2] = a[2] + b | 0; a[3] = a[3] + k | 0; a[4] = a[4] + f | 0; a[5] = a[5] + g | 0; a[6] = a[6] + j | 0; a[7] = a[7] + l | 0 }, _doFinalize: function () { var d = this._data, b = d.words, a = 8 * this._nDataBytes, c = 8 * d.sigBytes; b[c >>> 5] |= 128 << 24 - c % 32; b[(c + 64 >>> 9 << 4) + 14] = k.floor(a / 4294967296); b[(c + 64 >>> 9 << 4) + 15] = a; d.sigBytes = 4 * b.length; this._process(); return this._hash }, clone: function () { var b = j.clone.call(this); b._hash = this._hash.clone(); return b } }); g.SHA256 = j._createHelper(h); g.HmacSHA256 = j._createHmacHelper(h) })(Math);","(() => { var c = CryptoJS, k = c.enc.Utf8; c.algo.HMAC = c.lib.Base.extend({ init: function (a, b) { a = this._hasher = new a.init; \"string\" == typeof b && (b = k.parse(b)); var c = a.blockSize, e = 4 * c; b.sigBytes > e && (b = a.finalize(b)); b.clamp(); for (var f = this._oKey = b.clone(), g = this._iKey = b.clone(), h = f.words, j = g.words, d = 0; d < c; d++) h[d] ^= 1549556828, j[d] ^= 909522486; f.sigBytes = g.sigBytes = e; this.reset() }, reset: function () { var a = this._hasher; a.reset(); a.update(this._iKey) }, update: function (a) { this._hasher.update(a); return this }, finalize: function (a) { var b = this._hasher; a = b.finalize(a); b.reset(); return b.finalize(this._oKey.clone().concat(a)) } }) })();","(() => { var h = CryptoJS, j = h.lib.WordArray; h.enc.Base64 = { stringify: function (b) { var e = b.words, f = b.sigBytes, c = this._map; b.clamp(); b = []; for (var a = 0; a < f; a += 3) for (var d = (e[a >>> 2] >>> 24 - 8 * (a % 4) & 255) << 16 | (e[a + 1 >>> 2] >>> 24 - 8 * ((a + 1) % 4) & 255) << 8 | e[a + 2 >>> 2] >>> 24 - 8 * ((a + 2) % 4) & 255, g = 0; 4 > g && a + 0.75 * g < f; g++) b.push(c.charAt(d >>> 6 * (3 - g) & 63)); if (e = c.charAt(64)) for (; b.length % 4;) b.push(e); return b.join(\"\") }, parse: function (b) { var e = b.length, f = this._map, c = f.charAt(64); c && (c = b.indexOf(c), -1 != c && (e = c)); for (var c = [], a = 0, d = 0; d < e; d++) if (d % 4) { var g = f.indexOf(b.charAt(d - 1)) << 2 * (d % 4), h = f.indexOf(b.charAt(d)) >>> 6 - 2 * (d % 4); c[a >>> 2] |= (g | h) << 24 - 8 * (a % 4); a++ } return j.create(c, a) }, _map: \"ABCDEFGHIJKLMNOPQRSTUVWXYZabcdefghijklmnopqrstuvwxyz0123456789+/=\" } })();","","","hawk.crypto.utils = CryptoJS;","","// Export if used as a module","","if (typeof module !== 'undefined' && module.exports) {","    module.exports = hawk;","}","","/* eslint-enable */","// $lab:coverage:on$",""],"l":{"12":1,"17":1,"50":0,"57":0,"61":0,"62":0,"67":0,"71":0,"72":0,"77":0,"78":0,"81":0,"82":0,"83":0,"88":0,"89":0,"94":0,"107":0,"111":0,"114":0,"117":0,"121":0,"122":0,"129":0,"130":0,"134":0,"136":0,"165":0,"171":0,"174":0,"178":0,"182":0,"183":0,"188":0,"191":0,"192":0,"197":0,"201":0,"202":0,"214":0,"215":0,"231":0,"233":0,"237":0,"238":0,"243":0,"246":0,"247":0,"251":0,"252":0,"253":0,"256":0,"257":0,"258":0,"259":0,"262":0,"268":0,"269":0,"272":0,"275":0,"276":0,"277":0,"280":0,"293":0,"294":0,"295":0,"298":0,"301":0,"304":0,"305":0,"308":0,"309":0,"316":0,"321":0,"326":0,"330":0,"331":0,"337":0,"340":0,"341":0,"346":0,"356":0,"364":0,"369":0,"370":0,"371":0,"374":0,"375":0,"378":0,"383":1,"391":0,"393":0,"394":0,"399":0,"408":0,"409":0,"412":0,"414":0,"415":0,"419":0,"424":0,"425":0,"426":0,"427":0,"428":0,"429":0,"434":0,"435":0,"442":1,"444":1,"445":1,"447":1,"449":0,"452":1,"454":0,"455":0,"458":1,"460":0,"461":0,"464":1,"466":0,"467":0,"470":1,"472":0,"477":1,"483":0,"484":0,"485":0,"486":0,"492":0,"493":0,"496":0,"497":0,"503":0,"504":0,"505":0,"508":0,"513":0,"518":0,"523":0,"528":0,"529":0,"532":0,"537":0,"538":0,"541":0,"542":0,"543":0,"546":0,"547":0,"548":0,"551":0,"552":0,"553":0,"556":0,"557":0,"561":0,"562":0,"567":0,"568":0,"573":0,"574":0,"577":0,"578":0,"581":0,"582":0,"585":0,"590":0,"591":0,"593":0,"594":0,"595":0,"598":0,"605":0,"606":0,"607":0,"610":0,"611":0,"617":0,"622":0,"623":0,"624":0,"637":31,"638":1,"639":1118,"640":1,"641":1,"644":1,"648":1,"649":1}}}